{"/Users/fab/Documents/git/mixi/src/audio/AudioDeviceGuard.ts": {"path":"/Users/fab/Documents/git/mixi/src/audio/AudioDeviceGuard.ts","statementMap":{"0":{"start":{"line":34,"column":48},"end":{"line":34,"column":null}},"1":{"start":{"line":35,"column":22},"end":{"line":35,"column":null}},"2":{"start":{"line":38,"column":26},"end":{"line":38,"column":null}},"3":{"start":{"line":41,"column":4},"end":{"line":41,"column":null}},"4":{"start":{"line":52,"column":4},"end":{"line":52,"column":null}},"5":{"start":{"line":52,"column":51},"end":{"line":52,"column":null}},"6":{"start":{"line":54,"column":4},"end":{"line":54,"column":null}},"7":{"start":{"line":54,"column":34},"end":{"line":54,"column":61}},"8":{"start":{"line":55,"column":4},"end":{"line":55,"column":null}},"9":{"start":{"line":56,"column":4},"end":{"line":56,"column":null}},"10":{"start":{"line":64,"column":4},"end":{"line":67,"column":null}},"11":{"start":{"line":65,"column":6},"end":{"line":65,"column":null}},"12":{"start":{"line":66,"column":6},"end":{"line":66,"column":null}},"13":{"start":{"line":68,"column":4},"end":{"line":76,"column":null}},"14":{"start":{"line":69,"column":6},"end":{"line":69,"column":null}},"15":{"start":{"line":70,"column":6},"end":{"line":70,"column":null}},"16":{"start":{"line":71,"column":6},"end":{"line":71,"column":null}},"17":{"start":{"line":73,"column":6},"end":{"line":73,"column":null}},"18":{"start":{"line":75,"column":6},"end":{"line":75,"column":null}},"19":{"start":{"line":80,"column":4},"end":{"line":80,"column":null}},"20":{"start":{"line":81,"column":4},"end":{"line":84,"column":null}},"21":{"start":{"line":82,"column":6},"end":{"line":82,"column":null}},"22":{"start":{"line":83,"column":6},"end":{"line":83,"column":null}},"23":{"start":{"line":90,"column":4},"end":{"line":90,"column":null}},"24":{"start":{"line":90,"column":24},"end":{"line":90,"column":null}},"25":{"start":{"line":93,"column":4},"end":{"line":96,"column":null}},"26":{"start":{"line":94,"column":6},"end":{"line":94,"column":null}},"27":{"start":{"line":95,"column":6},"end":{"line":95,"column":null}},"28":{"start":{"line":99,"column":27},"end":{"line":99,"column":null}},"29":{"start":{"line":100,"column":4},"end":{"line":103,"column":null}},"30":{"start":{"line":101,"column":6},"end":{"line":101,"column":null}},"31":{"start":{"line":102,"column":6},"end":{"line":102,"column":null}},"32":{"start":{"line":105,"column":4},"end":{"line":105,"column":null}},"33":{"start":{"line":106,"column":4},"end":{"line":106,"column":null}},"34":{"start":{"line":109,"column":4},"end":{"line":111,"column":null}},"35":{"start":{"line":110,"column":6},"end":{"line":110,"column":null}},"36":{"start":{"line":110,"column":12},"end":{"line":110,"column":37}},"37":{"start":{"line":115,"column":4},"end":{"line":115,"column":null}},"38":{"start":{"line":115,"column":29},"end":{"line":115,"column":null}},"39":{"start":{"line":116,"column":4},"end":{"line":122,"column":null}},"40":{"start":{"line":117,"column":6},"end":{"line":117,"column":null}},"41":{"start":{"line":118,"column":6},"end":{"line":118,"column":null}},"42":{"start":{"line":119,"column":6},"end":{"line":119,"column":null}},"43":{"start":{"line":121,"column":6},"end":{"line":121,"column":null}},"44":{"start":{"line":126,"column":4},"end":{"line":134,"column":null}},"45":{"start":{"line":127,"column":22},"end":{"line":127,"column":null}},"46":{"start":{"line":128,"column":6},"end":{"line":130,"column":null}},"47":{"start":{"line":129,"column":15},"end":{"line":129,"column":null}},"48":{"start":{"line":133,"column":6},"end":{"line":133,"column":null}}},"fnMap":{"0":{"name":"(anonymous_0)","decl":{"start":{"line":40,"column":2},"end":{"line":40,"column":14}},"loc":{"start":{"line":40,"column":33},"end":{"line":42,"column":null}},"line":40},"1":{"name":"(anonymous_1)","decl":{"start":{"line":51,"column":2},"end":{"line":51,"column":16}},"loc":{"start":{"line":51,"column":16},"end":{"line":57,"column":null}},"line":51},"2":{"name":"(anonymous_2)","decl":{"start":{"line":54,"column":26},"end":{"line":54,"column":32}},"loc":{"start":{"line":54,"column":32},"end":{"line":54,"column":null}},"line":54},"3":{"name":"(anonymous_3)","decl":{"start":{"line":63,"column":8},"end":{"line":63,"column":24}},"loc":{"start":{"line":63,"column":57},"end":{"line":77,"column":null}},"line":63},"4":{"name":"(anonymous_4)","decl":{"start":{"line":79,"column":2},"end":{"line":79,"column":18}},"loc":{"start":{"line":79,"column":18},"end":{"line":85,"column":null}},"line":79},"5":{"name":"(anonymous_5)","decl":{"start":{"line":89,"column":16},"end":{"line":89,"column":52}},"loc":{"start":{"line":89,"column":52},"end":{"line":112,"column":null}},"line":89},"6":{"name":"(anonymous_6)","decl":{"start":{"line":114,"column":16},"end":{"line":114,"column":51}},"loc":{"start":{"line":114,"column":51},"end":{"line":123,"column":null}},"line":114},"7":{"name":"(anonymous_7)","decl":{"start":{"line":125,"column":16},"end":{"line":125,"column":34}},"loc":{"start":{"line":125,"column":70},"end":{"line":135,"column":null}},"line":125},"8":{"name":"(anonymous_8)","decl":{"start":{"line":129,"column":8},"end":{"line":129,"column":9}},"loc":{"start":{"line":129,"column":15},"end":{"line":129,"column":null}},"line":129}},"branchMap":{"0":{"loc":{"start":{"line":52,"column":4},"end":{"line":52,"column":null}},"type":"if","locations":[{"start":{"line":52,"column":4},"end":{"line":52,"column":null}},{"start":{},"end":{}}],"line":52},"1":{"loc":{"start":{"line":64,"column":4},"end":{"line":67,"column":null}},"type":"if","locations":[{"start":{"line":64,"column":4},"end":{"line":67,"column":null}},{"start":{},"end":{}}],"line":64},"2":{"loc":{"start":{"line":71,"column":47},"end":{"line":71,"column":70}},"type":"binary-expr","locations":[{"start":{"line":71,"column":47},"end":{"line":71,"column":59}},{"start":{"line":71,"column":59},"end":{"line":71,"column":70}}],"line":71},"3":{"loc":{"start":{"line":81,"column":4},"end":{"line":84,"column":null}},"type":"if","locations":[{"start":{"line":81,"column":4},"end":{"line":84,"column":null}},{"start":{},"end":{}}],"line":81},"4":{"loc":{"start":{"line":90,"column":4},"end":{"line":90,"column":null}},"type":"if","locations":[{"start":{"line":90,"column":4},"end":{"line":90,"column":null}},{"start":{},"end":{}}],"line":90},"5":{"loc":{"start":{"line":93,"column":4},"end":{"line":96,"column":null}},"type":"if","locations":[{"start":{"line":93,"column":4},"end":{"line":96,"column":null}},{"start":{},"end":{}}],"line":93},"6":{"loc":{"start":{"line":100,"column":4},"end":{"line":103,"column":null}},"type":"if","locations":[{"start":{"line":100,"column":4},"end":{"line":103,"column":null}},{"start":{},"end":{}}],"line":100},"7":{"loc":{"start":{"line":109,"column":4},"end":{"line":111,"column":null}},"type":"if","locations":[{"start":{"line":109,"column":4},"end":{"line":111,"column":null}},{"start":{},"end":{}}],"line":109},"8":{"loc":{"start":{"line":115,"column":4},"end":{"line":115,"column":null}},"type":"if","locations":[{"start":{"line":115,"column":4},"end":{"line":115,"column":null}},{"start":{},"end":{}}],"line":115},"9":{"loc":{"start":{"line":129,"column":15},"end":{"line":129,"column":null}},"type":"binary-expr","locations":[{"start":{"line":129,"column":15},"end":{"line":129,"column":43}},{"start":{"line":129,"column":43},"end":{"line":129,"column":null}}],"line":129}},"s":{"0":0,"1":0,"2":0,"3":0,"4":0,"5":0,"6":0,"7":0,"8":0,"9":0,"10":0,"11":0,"12":0,"13":0,"14":0,"15":0,"16":0,"17":0,"18":0,"19":0,"20":0,"21":0,"22":0,"23":0,"24":0,"25":0,"26":0,"27":0,"28":0,"29":0,"30":0,"31":0,"32":0,"33":0,"34":0,"35":0,"36":0,"37":0,"38":0,"39":0,"40":0,"41":0,"42":0,"43":0,"44":0,"45":0,"46":0,"47":0,"48":0},"f":{"0":0,"1":0,"2":0,"3":0,"4":0,"5":0,"6":0,"7":0,"8":0},"b":{"0":[0,0],"1":[0,0],"2":[0,0],"3":[0,0],"4":[0,0],"5":[0,0],"6":[0,0],"7":[0,0],"8":[0,0],"9":[0,0]},"meta":{"lastBranch":10,"lastFunction":9,"lastStatement":49,"seen":{"s:34:48:34:Infinity":0,"s:35:22:35:Infinity":1,"s:38:26:38:Infinity":2,"f:40:2:40:14":0,"s:41:4:41:Infinity":3,"f:51:2:51:16":1,"b:52:4:52:Infinity:undefined:undefined:undefined:undefined":0,"s:52:4:52:Infinity":4,"s:52:51:52:Infinity":5,"s:54:4:54:Infinity":6,"f:54:26:54:32":2,"s:54:34:54:61":7,"s:55:4:55:Infinity":8,"s:56:4:56:Infinity":9,"f:63:8:63:24":3,"b:64:4:67:Infinity:undefined:undefined:undefined:undefined":1,"s:64:4:67:Infinity":10,"s:65:6:65:Infinity":11,"s:66:6:66:Infinity":12,"s:68:4:76:Infinity":13,"s:69:6:69:Infinity":14,"s:70:6:70:Infinity":15,"s:71:6:71:Infinity":16,"b:71:47:71:59:71:59:71:70":2,"s:73:6:73:Infinity":17,"s:75:6:75:Infinity":18,"f:79:2:79:18":4,"s:80:4:80:Infinity":19,"b:81:4:84:Infinity:undefined:undefined:undefined:undefined":3,"s:81:4:84:Infinity":20,"s:82:6:82:Infinity":21,"s:83:6:83:Infinity":22,"f:89:16:89:52":5,"b:90:4:90:Infinity:undefined:undefined:undefined:undefined":4,"s:90:4:90:Infinity":23,"s:90:24:90:Infinity":24,"b:93:4:96:Infinity:undefined:undefined:undefined:undefined":5,"s:93:4:96:Infinity":25,"s:94:6:94:Infinity":26,"s:95:6:95:Infinity":27,"s:99:27:99:Infinity":28,"b:100:4:103:Infinity:undefined:undefined:undefined:undefined":6,"s:100:4:103:Infinity":29,"s:101:6:101:Infinity":30,"s:102:6:102:Infinity":31,"s:105:4:105:Infinity":32,"s:106:4:106:Infinity":33,"b:109:4:111:Infinity:undefined:undefined:undefined:undefined":7,"s:109:4:111:Infinity":34,"s:110:6:110:Infinity":35,"s:110:12:110:37":36,"f:114:16:114:51":6,"b:115:4:115:Infinity:undefined:undefined:undefined:undefined":8,"s:115:4:115:Infinity":37,"s:115:29:115:Infinity":38,"s:116:4:122:Infinity":39,"s:117:6:117:Infinity":40,"s:118:6:118:Infinity":41,"s:119:6:119:Infinity":42,"s:121:6:121:Infinity":43,"f:125:16:125:34":7,"s:126:4:134:Infinity":44,"s:127:22:127:Infinity":45,"s:128:6:130:Infinity":46,"f:129:8:129:9":8,"s:129:15:129:Infinity":47,"b:129:15:129:43:129:43:129:Infinity":9,"s:133:6:133:Infinity":48}}}
,"/Users/fab/Documents/git/mixi/src/audio/BpmDetector.ts": {"path":"/Users/fab/Documents/git/mixi/src/audio/BpmDetector.ts","statementMap":{"0":{"start":{"line":55,"column":22},"end":{"line":55,"column":null}},"1":{"start":{"line":58,"column":24},"end":{"line":58,"column":null}},"2":{"start":{"line":61,"column":24},"end":{"line":61,"column":null}},"3":{"start":{"line":64,"column":16},"end":{"line":64,"column":null}},"4":{"start":{"line":67,"column":24},"end":{"line":67,"column":null}},"5":{"start":{"line":68,"column":24},"end":{"line":68,"column":null}},"6":{"start":{"line":71,"column":23},"end":{"line":71,"column":null}},"7":{"start":{"line":74,"column":17},"end":{"line":74,"column":null}},"8":{"start":{"line":86,"column":20},"end":{"line":86,"column":null}},"9":{"start":{"line":87,"column":17},"end":{"line":87,"column":null}},"10":{"start":{"line":89,"column":2},"end":{"line":97,"column":null}},"11":{"start":{"line":89,"column":15},"end":{"line":89,"column":18}},"12":{"start":{"line":90,"column":19},"end":{"line":90,"column":null}},"13":{"start":{"line":91,"column":14},"end":{"line":91,"column":null}},"14":{"start":{"line":92,"column":4},"end":{"line":95,"column":null}},"15":{"start":{"line":92,"column":17},"end":{"line":92,"column":20}},"16":{"start":{"line":93,"column":16},"end":{"line":93,"column":null}},"17":{"start":{"line":94,"column":6},"end":{"line":94,"column":null}},"18":{"start":{"line":96,"column":4},"end":{"line":96,"column":null}},"19":{"start":{"line":99,"column":2},"end":{"line":99,"column":null}},"20":{"start":{"line":111,"column":26},"end":{"line":111,"column":null}},"21":{"start":{"line":112,"column":23},"end":{"line":112,"column":null}},"22":{"start":{"line":113,"column":23},"end":{"line":113,"column":null}},"23":{"start":{"line":115,"column":2},"end":{"line":129,"column":null}},"24":{"start":{"line":115,"column":15},"end":{"line":115,"column":32}},"25":{"start":{"line":116,"column":14},"end":{"line":116,"column":null}},"26":{"start":{"line":117,"column":4},"end":{"line":119,"column":null}},"27":{"start":{"line":117,"column":17},"end":{"line":117,"column":38}},"28":{"start":{"line":118,"column":6},"end":{"line":118,"column":null}},"29":{"start":{"line":120,"column":22},"end":{"line":120,"column":null}},"30":{"start":{"line":121,"column":22},"end":{"line":121,"column":null}},"31":{"start":{"line":123,"column":4},"end":{"line":128,"column":null}},"32":{"start":{"line":124,"column":23},"end":{"line":124,"column":null}},"33":{"start":{"line":125,"column":23},"end":{"line":125,"column":null}},"34":{"start":{"line":126,"column":6},"end":{"line":126,"column":null}},"35":{"start":{"line":127,"column":6},"end":{"line":127,"column":null}},"36":{"start":{"line":131,"column":2},"end":{"line":131,"column":null}},"37":{"start":{"line":139,"column":2},"end":{"line":141,"column":null}},"38":{"start":{"line":140,"column":4},"end":{"line":140,"column":null}},"39":{"start":{"line":143,"column":18},"end":{"line":143,"column":null}},"40":{"start":{"line":144,"column":20},"end":{"line":144,"column":null}},"41":{"start":{"line":147,"column":4},"end":{"line":152,"column":null}},"42":{"start":{"line":148,"column":18},"end":{"line":148,"column":null}},"43":{"start":{"line":149,"column":6},"end":{"line":151,"column":null}},"44":{"start":{"line":150,"column":8},"end":{"line":150,"column":null}},"45":{"start":{"line":156,"column":2},"end":{"line":177,"column":null}},"46":{"start":{"line":156,"column":17},"end":{"line":156,"column":20}},"47":{"start":{"line":158,"column":22},"end":{"line":158,"column":null}},"48":{"start":{"line":160,"column":4},"end":{"line":176,"column":null}},"49":{"start":{"line":160,"column":17},"end":{"line":160,"column":22}},"50":{"start":{"line":161,"column":18},"end":{"line":161,"column":null}},"51":{"start":{"line":162,"column":6},"end":{"line":162,"column":null}},"52":{"start":{"line":162,"column":20},"end":{"line":162,"column":null}},"53":{"start":{"line":165,"column":24},"end":{"line":165,"column":null}},"54":{"start":{"line":166,"column":21},"end":{"line":166,"column":null}},"55":{"start":{"line":169,"column":12},"end":{"line":169,"column":null}},"56":{"start":{"line":170,"column":21},"end":{"line":170,"column":null}},"57":{"start":{"line":173,"column":6},"end":{"line":173,"column":null}},"58":{"start":{"line":174,"column":6},"end":{"line":174,"column":null}},"59":{"start":{"line":175,"column":6},"end":{"line":175,"column":null}},"60":{"start":{"line":180,"column":16},"end":{"line":180,"column":null}},"61":{"start":{"line":181,"column":23},"end":{"line":181,"column":null}},"62":{"start":{"line":182,"column":19},"end":{"line":182,"column":null}},"63":{"start":{"line":184,"column":2},"end":{"line":196,"column":null}},"64":{"start":{"line":184,"column":15},"end":{"line":184,"column":18}},"65":{"start":{"line":185,"column":14},"end":{"line":185,"column":null}},"66":{"start":{"line":186,"column":15},"end":{"line":186,"column":null}},"67":{"start":{"line":187,"column":4},"end":{"line":194,"column":null}},"68":{"start":{"line":187,"column":17},"end":{"line":187,"column":32}},"69":{"start":{"line":188,"column":16},"end":{"line":188,"column":null}},"70":{"start":{"line":189,"column":6},"end":{"line":193,"column":null}},"71":{"start":{"line":190,"column":18},"end":{"line":190,"column":null}},"72":{"start":{"line":191,"column":8},"end":{"line":191,"column":null}},"73":{"start":{"line":192,"column":8},"end":{"line":192,"column":null}},"74":{"start":{"line":195,"column":4},"end":{"line":195,"column":null}},"75":{"start":{"line":199,"column":16},"end":{"line":199,"column":null}},"76":{"start":{"line":200,"column":16},"end":{"line":200,"column":null}},"77":{"start":{"line":201,"column":2},"end":{"line":206,"column":null}},"78":{"start":{"line":201,"column":15},"end":{"line":201,"column":18}},"79":{"start":{"line":202,"column":4},"end":{"line":205,"column":null}},"80":{"start":{"line":203,"column":6},"end":{"line":203,"column":null}},"81":{"start":{"line":204,"column":6},"end":{"line":204,"column":null}},"82":{"start":{"line":209,"column":12},"end":{"line":209,"column":null}},"83":{"start":{"line":210,"column":2},"end":{"line":219,"column":null}},"84":{"start":{"line":211,"column":15},"end":{"line":211,"column":null}},"85":{"start":{"line":212,"column":15},"end":{"line":212,"column":null}},"86":{"start":{"line":213,"column":15},"end":{"line":213,"column":null}},"87":{"start":{"line":214,"column":18},"end":{"line":214,"column":null}},"88":{"start":{"line":215,"column":4},"end":{"line":218,"column":null}},"89":{"start":{"line":216,"column":20},"end":{"line":216,"column":null}},"90":{"start":{"line":217,"column":6},"end":{"line":217,"column":null}},"91":{"start":{"line":222,"column":19},"end":{"line":222,"column":null}},"92":{"start":{"line":223,"column":2},"end":{"line":223,"column":null}},"93":{"start":{"line":223,"column":15},"end":{"line":223,"column":18}},"94":{"start":{"line":223,"column":36},"end":{"line":223,"column":null}},"95":{"start":{"line":224,"column":21},"end":{"line":224,"column":null}},"96":{"start":{"line":226,"column":2},"end":{"line":226,"column":null}},"97":{"start":{"line":244,"column":31},"end":{"line":244,"column":null}},"98":{"start":{"line":245,"column":2},"end":{"line":245,"column":null}},"99":{"start":{"line":245,"column":25},"end":{"line":245,"column":null}},"100":{"start":{"line":246,"column":2},"end":{"line":246,"column":null}},"101":{"start":{"line":246,"column":25},"end":{"line":246,"column":null}},"102":{"start":{"line":248,"column":16},"end":{"line":248,"column":null}},"103":{"start":{"line":249,"column":18},"end":{"line":249,"column":null}},"104":{"start":{"line":251,"column":2},"end":{"line":262,"column":null}},"105":{"start":{"line":252,"column":18},"end":{"line":252,"column":null}},"106":{"start":{"line":255,"column":22},"end":{"line":255,"column":null}},"107":{"start":{"line":256,"column":26},"end":{"line":256,"column":null}},"108":{"start":{"line":258,"column":4},"end":{"line":261,"column":null}},"109":{"start":{"line":259,"column":6},"end":{"line":259,"column":null}},"110":{"start":{"line":260,"column":6},"end":{"line":260,"column":null}},"111":{"start":{"line":264,"column":2},"end":{"line":264,"column":null}},"112":{"start":{"line":272,"column":2},"end":{"line":272,"column":null}},"113":{"start":{"line":272,"column":25},"end":{"line":272,"column":null}},"114":{"start":{"line":274,"column":21},"end":{"line":274,"column":null}},"115":{"start":{"line":275,"column":20},"end":{"line":275,"column":null}},"116":{"start":{"line":276,"column":22},"end":{"line":276,"column":null}},"117":{"start":{"line":279,"column":23},"end":{"line":279,"column":null}},"118":{"start":{"line":281,"column":2},"end":{"line":302,"column":null}},"119":{"start":{"line":281,"column":15},"end":{"line":281,"column":18}},"120":{"start":{"line":282,"column":18},"end":{"line":282,"column":null}},"121":{"start":{"line":283,"column":16},"end":{"line":283,"column":null}},"122":{"start":{"line":284,"column":20},"end":{"line":284,"column":null}},"123":{"start":{"line":286,"column":4},"end":{"line":296,"column":null}},"124":{"start":{"line":286,"column":17},"end":{"line":286,"column":20}},"125":{"start":{"line":287,"column":20},"end":{"line":287,"column":null}},"126":{"start":{"line":288,"column":24},"end":{"line":288,"column":null}},"127":{"start":{"line":289,"column":19},"end":{"line":289,"column":null}},"128":{"start":{"line":291,"column":16},"end":{"line":291,"column":null}},"129":{"start":{"line":292,"column":6},"end":{"line":292,"column":null}},"130":{"start":{"line":293,"column":6},"end":{"line":295,"column":null}},"131":{"start":{"line":294,"column":8},"end":{"line":294,"column":null}},"132":{"start":{"line":298,"column":28},"end":{"line":298,"column":null}},"133":{"start":{"line":299,"column":4},"end":{"line":301,"column":null}},"134":{"start":{"line":300,"column":6},"end":{"line":300,"column":null}},"135":{"start":{"line":304,"column":2},"end":{"line":304,"column":null}},"136":{"start":{"line":311,"column":2},"end":{"line":311,"column":null}},"137":{"start":{"line":311,"column":27},"end":{"line":311,"column":null}},"138":{"start":{"line":313,"column":21},"end":{"line":313,"column":null}},"139":{"start":{"line":314,"column":20},"end":{"line":314,"column":null}},"140":{"start":{"line":315,"column":23},"end":{"line":315,"column":null}},"141":{"start":{"line":317,"column":19},"end":{"line":317,"column":null}},"142":{"start":{"line":318,"column":18},"end":{"line":318,"column":null}},"143":{"start":{"line":320,"column":2},"end":{"line":337,"column":null}},"144":{"start":{"line":320,"column":15},"end":{"line":320,"column":18}},"145":{"start":{"line":321,"column":22},"end":{"line":321,"column":null}},"146":{"start":{"line":322,"column":16},"end":{"line":322,"column":null}},"147":{"start":{"line":324,"column":4},"end":{"line":331,"column":null}},"148":{"start":{"line":324,"column":17},"end":{"line":324,"column":20}},"149":{"start":{"line":325,"column":20},"end":{"line":325,"column":null}},"150":{"start":{"line":326,"column":24},"end":{"line":326,"column":null}},"151":{"start":{"line":327,"column":19},"end":{"line":327,"column":null}},"152":{"start":{"line":328,"column":6},"end":{"line":330,"column":null}},"153":{"start":{"line":329,"column":8},"end":{"line":329,"column":null}},"154":{"start":{"line":333,"column":4},"end":{"line":336,"column":null}},"155":{"start":{"line":334,"column":6},"end":{"line":334,"column":null}},"156":{"start":{"line":335,"column":6},"end":{"line":335,"column":null}},"157":{"start":{"line":339,"column":2},"end":{"line":339,"column":null}},"158":{"start":{"line":349,"column":2},"end":{"line":349,"column":null}},"159":{"start":{"line":349,"column":25},"end":{"line":349,"column":null}},"160":{"start":{"line":351,"column":23},"end":{"line":351,"column":null}},"161":{"start":{"line":352,"column":15},"end":{"line":352,"column":null}},"162":{"start":{"line":353,"column":16},"end":{"line":353,"column":null}},"163":{"start":{"line":354,"column":18},"end":{"line":354,"column":null}},"164":{"start":{"line":356,"column":2},"end":{"line":363,"column":null}},"165":{"start":{"line":356,"column":23},"end":{"line":356,"column":49}},"166":{"start":{"line":357,"column":4},"end":{"line":357,"column":null}},"167":{"start":{"line":357,"column":68},"end":{"line":357,"column":null}},"168":{"start":{"line":358,"column":18},"end":{"line":358,"column":null}},"169":{"start":{"line":359,"column":4},"end":{"line":362,"column":null}},"170":{"start":{"line":360,"column":6},"end":{"line":360,"column":null}},"171":{"start":{"line":361,"column":6},"end":{"line":361,"column":null}},"172":{"start":{"line":365,"column":2},"end":{"line":365,"column":null}},"173":{"start":{"line":375,"column":18},"end":{"line":375,"column":null}},"174":{"start":{"line":376,"column":2},"end":{"line":376,"column":null}},"175":{"start":{"line":376,"column":37},"end":{"line":376,"column":null}},"176":{"start":{"line":378,"column":24},"end":{"line":378,"column":null}},"177":{"start":{"line":379,"column":23},"end":{"line":379,"column":null}},"178":{"start":{"line":382,"column":2},"end":{"line":384,"column":null}},"179":{"start":{"line":383,"column":4},"end":{"line":383,"column":null}},"180":{"start":{"line":386,"column":2},"end":{"line":386,"column":null}},"181":{"start":{"line":397,"column":17},"end":{"line":397,"column":null}},"182":{"start":{"line":398,"column":17},"end":{"line":398,"column":null}},"183":{"start":{"line":399,"column":13},"end":{"line":399,"column":null}},"184":{"start":{"line":400,"column":25},"end":{"line":400,"column":null}},"185":{"start":{"line":403,"column":14},"end":{"line":403,"column":null}},"186":{"start":{"line":405,"column":2},"end":{"line":413,"column":null}},"187":{"start":{"line":406,"column":16},"end":{"line":406,"column":null}},"188":{"start":{"line":407,"column":4},"end":{"line":407,"column":null}},"189":{"start":{"line":408,"column":4},"end":{"line":410,"column":null}},"190":{"start":{"line":408,"column":17},"end":{"line":408,"column":20}},"191":{"start":{"line":409,"column":6},"end":{"line":409,"column":null}},"192":{"start":{"line":412,"column":4},"end":{"line":412,"column":null}},"193":{"start":{"line":416,"column":17},"end":{"line":416,"column":null}},"194":{"start":{"line":419,"column":17},"end":{"line":419,"column":null}},"195":{"start":{"line":422,"column":14},"end":{"line":422,"column":null}},"196":{"start":{"line":423,"column":12},"end":{"line":423,"column":null}},"197":{"start":{"line":424,"column":21},"end":{"line":424,"column":null}},"198":{"start":{"line":427,"column":2},"end":{"line":427,"column":null}},"199":{"start":{"line":430,"column":2},"end":{"line":430,"column":null}},"200":{"start":{"line":433,"column":2},"end":{"line":433,"column":null}},"201":{"start":{"line":436,"column":2},"end":{"line":436,"column":null}},"202":{"start":{"line":439,"column":26},"end":{"line":439,"column":null}},"203":{"start":{"line":441,"column":8},"end":{"line":441,"column":null}},"204":{"start":{"line":442,"column":2},"end":{"line":446,"column":null}},"205":{"start":{"line":448,"column":2},"end":{"line":448,"column":null}}},"fnMap":{"0":{"name":"computeEnergy","decl":{"start":{"line":85,"column":9},"end":{"line":85,"column":23}},"loc":{"start":{"line":85,"column":80},"end":{"line":100,"column":null}},"line":85},"1":{"name":"detectOnsets","decl":{"start":{"line":106,"column":9},"end":{"line":106,"column":null}},"loc":{"start":{"line":110,"column":11},"end":{"line":132,"column":null}},"line":110},"2":{"name":"estimateBpm","decl":{"start":{"line":138,"column":9},"end":{"line":138,"column":21}},"loc":{"start":{"line":138,"column":127},"end":{"line":227,"column":null}},"line":138},"3":{"name":"voteBin","decl":{"start":{"line":146,"column":11},"end":{"line":146,"column":19}},"loc":{"start":{"line":146,"column":54},"end":{"line":153,"column":null}},"line":146},"4":{"name":"resolveOctave","decl":{"start":{"line":242,"column":9},"end":{"line":242,"column":23}},"loc":{"start":{"line":242,"column":113},"end":{"line":265,"column":null}},"line":242},"5":{"name":"gridAlignmentScore","decl":{"start":{"line":271,"column":9},"end":{"line":271,"column":28}},"loc":{"start":{"line":271,"column":66},"end":{"line":305,"column":null}},"line":271},"6":{"name":"findGridOffset","decl":{"start":{"line":310,"column":9},"end":{"line":310,"column":24}},"loc":{"start":{"line":310,"column":62},"end":{"line":340,"column":null}},"line":310},"7":{"name":"refineBpm","decl":{"start":{"line":348,"column":9},"end":{"line":348,"column":19}},"loc":{"start":{"line":348,"column":63},"end":{"line":366,"column":null}},"line":348},"8":{"name":"snapToCommonBpm","decl":{"start":{"line":374,"column":9},"end":{"line":374,"column":25}},"loc":{"start":{"line":374,"column":63},"end":{"line":387,"column":null}},"line":374},"9":{"name":"detectBpm","decl":{"start":{"line":396,"column":16},"end":{"line":396,"column":26}},"loc":{"start":{"line":396,"column":90},"end":{"line":449,"column":null}},"line":396}},"branchMap":{"0":{"loc":{"start":{"line":123,"column":4},"end":{"line":128,"column":null}},"type":"if","locations":[{"start":{"line":123,"column":4},"end":{"line":128,"column":null}},{"start":{},"end":{}}],"line":123},"1":{"loc":{"start":{"line":123,"column":8},"end":{"line":123,"column":69}},"type":"binary-expr","locations":[{"start":{"line":123,"column":8},"end":{"line":123,"column":33}},{"start":{"line":123,"column":33},"end":{"line":123,"column":69}}],"line":123},"2":{"loc":{"start":{"line":138,"column":38},"end":{"line":138,"column":64}},"type":"default-arg","locations":[{"start":{"line":138,"column":47},"end":{"line":138,"column":64}}],"line":138},"3":{"loc":{"start":{"line":138,"column":64},"end":{"line":138,"column":127}},"type":"default-arg","locations":[{"start":{"line":138,"column":73},"end":{"line":138,"column":127}}],"line":138},"4":{"loc":{"start":{"line":139,"column":2},"end":{"line":141,"column":null}},"type":"if","locations":[{"start":{"line":139,"column":2},"end":{"line":141,"column":null}},{"start":{},"end":{}}],"line":139},"5":{"loc":{"start":{"line":147,"column":4},"end":{"line":152,"column":null}},"type":"if","locations":[{"start":{"line":147,"column":4},"end":{"line":152,"column":null}},{"start":{},"end":{}}],"line":147},"6":{"loc":{"start":{"line":147,"column":8},"end":{"line":147,"column":52}},"type":"binary-expr","locations":[{"start":{"line":147,"column":8},"end":{"line":147,"column":31}},{"start":{"line":147,"column":31},"end":{"line":147,"column":52}}],"line":147},"7":{"loc":{"start":{"line":149,"column":6},"end":{"line":151,"column":null}},"type":"if","locations":[{"start":{"line":149,"column":6},"end":{"line":151,"column":null}},{"start":{},"end":{}}],"line":149},"8":{"loc":{"start":{"line":149,"column":10},"end":{"line":149,"column":37}},"type":"binary-expr","locations":[{"start":{"line":149,"column":10},"end":{"line":149,"column":22}},{"start":{"line":149,"column":22},"end":{"line":149,"column":37}}],"line":149},"9":{"loc":{"start":{"line":162,"column":6},"end":{"line":162,"column":null}},"type":"if","locations":[{"start":{"line":162,"column":6},"end":{"line":162,"column":null}},{"start":{},"end":{}}],"line":162},"10":{"loc":{"start":{"line":189,"column":6},"end":{"line":193,"column":null}},"type":"if","locations":[{"start":{"line":189,"column":6},"end":{"line":193,"column":null}},{"start":{},"end":{}}],"line":189},"11":{"loc":{"start":{"line":189,"column":10},"end":{"line":189,"column":33}},"type":"binary-expr","locations":[{"start":{"line":189,"column":10},"end":{"line":189,"column":20}},{"start":{"line":189,"column":20},"end":{"line":189,"column":33}}],"line":189},"12":{"loc":{"start":{"line":202,"column":4},"end":{"line":205,"column":null}},"type":"if","locations":[{"start":{"line":202,"column":4},"end":{"line":205,"column":null}},{"start":{},"end":{}}],"line":202},"13":{"loc":{"start":{"line":210,"column":2},"end":{"line":219,"column":null}},"type":"if","locations":[{"start":{"line":210,"column":2},"end":{"line":219,"column":null}},{"start":{},"end":{}}],"line":210},"14":{"loc":{"start":{"line":210,"column":6},"end":{"line":210,"column":44}},"type":"binary-expr","locations":[{"start":{"line":210,"column":6},"end":{"line":210,"column":21}},{"start":{"line":210,"column":21},"end":{"line":210,"column":44}}],"line":210},"15":{"loc":{"start":{"line":215,"column":4},"end":{"line":218,"column":null}},"type":"if","locations":[{"start":{"line":215,"column":4},"end":{"line":218,"column":null}},{"start":{},"end":{}}],"line":215},"16":{"loc":{"start":{"line":224,"column":21},"end":{"line":224,"column":null}},"type":"cond-expr","locations":[{"start":{"line":224,"column":38},"end":{"line":224,"column":61}},{"start":{"line":224,"column":61},"end":{"line":224,"column":null}}],"line":224},"17":{"loc":{"start":{"line":242,"column":53},"end":{"line":242,"column":79}},"type":"default-arg","locations":[{"start":{"line":242,"column":62},"end":{"line":242,"column":79}}],"line":242},"18":{"loc":{"start":{"line":242,"column":79},"end":{"line":242,"column":113}},"type":"default-arg","locations":[{"start":{"line":242,"column":88},"end":{"line":242,"column":113}}],"line":242},"19":{"loc":{"start":{"line":245,"column":2},"end":{"line":245,"column":null}},"type":"if","locations":[{"start":{"line":245,"column":2},"end":{"line":245,"column":null}},{"start":{},"end":{}}],"line":245},"20":{"loc":{"start":{"line":246,"column":2},"end":{"line":246,"column":null}},"type":"if","locations":[{"start":{"line":246,"column":2},"end":{"line":246,"column":null}},{"start":{},"end":{}}],"line":246},"21":{"loc":{"start":{"line":255,"column":22},"end":{"line":255,"column":null}},"type":"binary-expr","locations":[{"start":{"line":255,"column":22},"end":{"line":255,"column":42}},{"start":{"line":255,"column":42},"end":{"line":255,"column":null}}],"line":255},"22":{"loc":{"start":{"line":256,"column":35},"end":{"line":256,"column":null}},"type":"cond-expr","locations":[{"start":{"line":256,"column":47},"end":{"line":256,"column":54}},{"start":{"line":256,"column":54},"end":{"line":256,"column":null}}],"line":256},"23":{"loc":{"start":{"line":258,"column":4},"end":{"line":261,"column":null}},"type":"if","locations":[{"start":{"line":258,"column":4},"end":{"line":261,"column":null}},{"start":{},"end":{}}],"line":258},"24":{"loc":{"start":{"line":272,"column":2},"end":{"line":272,"column":null}},"type":"if","locations":[{"start":{"line":272,"column":2},"end":{"line":272,"column":null}},{"start":{},"end":{}}],"line":272},"25":{"loc":{"start":{"line":293,"column":6},"end":{"line":295,"column":null}},"type":"if","locations":[{"start":{"line":293,"column":6},"end":{"line":295,"column":null}},{"start":{},"end":{}}],"line":293},"26":{"loc":{"start":{"line":298,"column":28},"end":{"line":298,"column":null}},"type":"cond-expr","locations":[{"start":{"line":298,"column":44},"end":{"line":298,"column":64}},{"start":{"line":298,"column":64},"end":{"line":298,"column":null}}],"line":298},"27":{"loc":{"start":{"line":299,"column":4},"end":{"line":301,"column":null}},"type":"if","locations":[{"start":{"line":299,"column":4},"end":{"line":301,"column":null}},{"start":{},"end":{}}],"line":299},"28":{"loc":{"start":{"line":311,"column":2},"end":{"line":311,"column":null}},"type":"if","locations":[{"start":{"line":311,"column":2},"end":{"line":311,"column":null}},{"start":{},"end":{}}],"line":311},"29":{"loc":{"start":{"line":328,"column":6},"end":{"line":330,"column":null}},"type":"if","locations":[{"start":{"line":328,"column":6},"end":{"line":330,"column":null}},{"start":{},"end":{}}],"line":328},"30":{"loc":{"start":{"line":333,"column":4},"end":{"line":336,"column":null}},"type":"if","locations":[{"start":{"line":333,"column":4},"end":{"line":336,"column":null}},{"start":{},"end":{}}],"line":333},"31":{"loc":{"start":{"line":349,"column":2},"end":{"line":349,"column":null}},"type":"if","locations":[{"start":{"line":349,"column":2},"end":{"line":349,"column":null}},{"start":{},"end":{}}],"line":349},"32":{"loc":{"start":{"line":357,"column":4},"end":{"line":357,"column":null}},"type":"if","locations":[{"start":{"line":357,"column":4},"end":{"line":357,"column":null}},{"start":{},"end":{}}],"line":357},"33":{"loc":{"start":{"line":357,"column":8},"end":{"line":357,"column":68}},"type":"binary-expr","locations":[{"start":{"line":357,"column":8},"end":{"line":357,"column":39}},{"start":{"line":357,"column":39},"end":{"line":357,"column":68}}],"line":357},"34":{"loc":{"start":{"line":359,"column":4},"end":{"line":362,"column":null}},"type":"if","locations":[{"start":{"line":359,"column":4},"end":{"line":362,"column":null}},{"start":{},"end":{}}],"line":359},"35":{"loc":{"start":{"line":376,"column":2},"end":{"line":376,"column":null}},"type":"if","locations":[{"start":{"line":376,"column":2},"end":{"line":376,"column":null}},{"start":{},"end":{}}],"line":376},"36":{"loc":{"start":{"line":382,"column":2},"end":{"line":384,"column":null}},"type":"if","locations":[{"start":{"line":382,"column":2},"end":{"line":384,"column":null}},{"start":{},"end":{}}],"line":382},"37":{"loc":{"start":{"line":397,"column":17},"end":{"line":397,"column":null}},"type":"binary-expr","locations":[{"start":{"line":397,"column":17},"end":{"line":397,"column":33}},{"start":{"line":397,"column":33},"end":{"line":397,"column":null}}],"line":397},"38":{"loc":{"start":{"line":398,"column":17},"end":{"line":398,"column":null}},"type":"binary-expr","locations":[{"start":{"line":398,"column":17},"end":{"line":398,"column":33}},{"start":{"line":398,"column":33},"end":{"line":398,"column":null}}],"line":398},"39":{"loc":{"start":{"line":405,"column":2},"end":{"line":413,"column":null}},"type":"if","locations":[{"start":{"line":405,"column":2},"end":{"line":413,"column":null}},{"start":{"line":411,"column":9},"end":{"line":413,"column":null}}],"line":405}},"s":{"0":1,"1":1,"2":1,"3":1,"4":1,"5":1,"6":1,"7":1,"8":0,"9":0,"10":0,"11":0,"12":0,"13":0,"14":0,"15":0,"16":0,"17":0,"18":0,"19":0,"20":0,"21":0,"22":0,"23":0,"24":0,"25":0,"26":0,"27":0,"28":0,"29":0,"30":0,"31":0,"32":0,"33":0,"34":0,"35":0,"36":0,"37":0,"38":0,"39":0,"40":0,"41":0,"42":0,"43":0,"44":0,"45":0,"46":0,"47":0,"48":0,"49":0,"50":0,"51":0,"52":0,"53":0,"54":0,"55":0,"56":0,"57":0,"58":0,"59":0,"60":0,"61":0,"62":0,"63":0,"64":0,"65":0,"66":0,"67":0,"68":0,"69":0,"70":0,"71":0,"72":0,"73":0,"74":0,"75":0,"76":0,"77":0,"78":0,"79":0,"80":0,"81":0,"82":0,"83":0,"84":0,"85":0,"86":0,"87":0,"88":0,"89":0,"90":0,"91":0,"92":0,"93":0,"94":0,"95":0,"96":0,"97":0,"98":0,"99":0,"100":0,"101":0,"102":0,"103":0,"104":0,"105":0,"106":0,"107":0,"108":0,"109":0,"110":0,"111":0,"112":0,"113":0,"114":0,"115":0,"116":0,"117":0,"118":0,"119":0,"120":0,"121":0,"122":0,"123":0,"124":0,"125":0,"126":0,"127":0,"128":0,"129":0,"130":0,"131":0,"132":0,"133":0,"134":0,"135":0,"136":0,"137":0,"138":0,"139":0,"140":0,"141":0,"142":0,"143":0,"144":0,"145":0,"146":0,"147":0,"148":0,"149":0,"150":0,"151":0,"152":0,"153":0,"154":0,"155":0,"156":0,"157":0,"158":0,"159":0,"160":0,"161":0,"162":0,"163":0,"164":0,"165":0,"166":0,"167":0,"168":0,"169":0,"170":0,"171":0,"172":0,"173":0,"174":0,"175":0,"176":0,"177":0,"178":0,"179":0,"180":0,"181":0,"182":0,"183":0,"184":0,"185":0,"186":0,"187":0,"188":0,"189":0,"190":0,"191":0,"192":0,"193":0,"194":0,"195":0,"196":0,"197":0,"198":0,"199":0,"200":0,"201":0,"202":0,"203":0,"204":0,"205":0},"f":{"0":0,"1":0,"2":0,"3":0,"4":0,"5":0,"6":0,"7":0,"8":0,"9":0},"b":{"0":[0,0],"1":[0,0],"2":[0],"3":[0],"4":[0,0],"5":[0,0],"6":[0,0],"7":[0,0],"8":[0,0],"9":[0,0],"10":[0,0],"11":[0,0],"12":[0,0],"13":[0,0],"14":[0,0],"15":[0,0],"16":[0,0],"17":[0],"18":[0],"19":[0,0],"20":[0,0],"21":[0,0],"22":[0,0],"23":[0,0],"24":[0,0],"25":[0,0],"26":[0,0],"27":[0,0],"28":[0,0],"29":[0,0],"30":[0,0],"31":[0,0],"32":[0,0],"33":[0,0],"34":[0,0],"35":[0,0],"36":[0,0],"37":[0,0],"38":[0,0],"39":[0,0]},"meta":{"lastBranch":40,"lastFunction":10,"lastStatement":206,"seen":{"s:55:22:55:Infinity":0,"s:58:24:58:Infinity":1,"s:61:24:61:Infinity":2,"s:64:16:64:Infinity":3,"s:67:24:67:Infinity":4,"s:68:24:68:Infinity":5,"s:71:23:71:Infinity":6,"s:74:17:74:Infinity":7,"f:85:9:85:23":0,"s:86:20:86:Infinity":8,"s:87:17:87:Infinity":9,"s:89:2:97:Infinity":10,"s:89:15:89:18":11,"s:90:19:90:Infinity":12,"s:91:14:91:Infinity":13,"s:92:4:95:Infinity":14,"s:92:17:92:20":15,"s:93:16:93:Infinity":16,"s:94:6:94:Infinity":17,"s:96:4:96:Infinity":18,"s:99:2:99:Infinity":19,"f:106:9:106:Infinity":1,"s:111:26:111:Infinity":20,"s:112:23:112:Infinity":21,"s:113:23:113:Infinity":22,"s:115:2:129:Infinity":23,"s:115:15:115:32":24,"s:116:14:116:Infinity":25,"s:117:4:119:Infinity":26,"s:117:17:117:38":27,"s:118:6:118:Infinity":28,"s:120:22:120:Infinity":29,"s:121:22:121:Infinity":30,"b:123:4:128:Infinity:undefined:undefined:undefined:undefined":0,"s:123:4:128:Infinity":31,"b:123:8:123:33:123:33:123:69":1,"s:124:23:124:Infinity":32,"s:125:23:125:Infinity":33,"s:126:6:126:Infinity":34,"s:127:6:127:Infinity":35,"s:131:2:131:Infinity":36,"f:138:9:138:21":2,"b:138:47:138:64":2,"b:138:73:138:127":3,"b:139:2:141:Infinity:undefined:undefined:undefined:undefined":4,"s:139:2:141:Infinity":37,"s:140:4:140:Infinity":38,"s:143:18:143:Infinity":39,"s:144:20:144:Infinity":40,"f:146:11:146:19":3,"b:147:4:152:Infinity:undefined:undefined:undefined:undefined":5,"s:147:4:152:Infinity":41,"b:147:8:147:31:147:31:147:52":6,"s:148:18:148:Infinity":42,"b:149:6:151:Infinity:undefined:undefined:undefined:undefined":7,"s:149:6:151:Infinity":43,"b:149:10:149:22:149:22:149:37":8,"s:150:8:150:Infinity":44,"s:156:2:177:Infinity":45,"s:156:17:156:20":46,"s:158:22:158:Infinity":47,"s:160:4:176:Infinity":48,"s:160:17:160:22":49,"s:161:18:161:Infinity":50,"b:162:6:162:Infinity:undefined:undefined:undefined:undefined":9,"s:162:6:162:Infinity":51,"s:162:20:162:Infinity":52,"s:165:24:165:Infinity":53,"s:166:21:166:Infinity":54,"s:169:12:169:Infinity":55,"s:170:21:170:Infinity":56,"s:173:6:173:Infinity":57,"s:174:6:174:Infinity":58,"s:175:6:175:Infinity":59,"s:180:16:180:Infinity":60,"s:181:23:181:Infinity":61,"s:182:19:182:Infinity":62,"s:184:2:196:Infinity":63,"s:184:15:184:18":64,"s:185:14:185:Infinity":65,"s:186:15:186:Infinity":66,"s:187:4:194:Infinity":67,"s:187:17:187:32":68,"s:188:16:188:Infinity":69,"b:189:6:193:Infinity:undefined:undefined:undefined:undefined":10,"s:189:6:193:Infinity":70,"b:189:10:189:20:189:20:189:33":11,"s:190:18:190:Infinity":71,"s:191:8:191:Infinity":72,"s:192:8:192:Infinity":73,"s:195:4:195:Infinity":74,"s:199:16:199:Infinity":75,"s:200:16:200:Infinity":76,"s:201:2:206:Infinity":77,"s:201:15:201:18":78,"b:202:4:205:Infinity:undefined:undefined:undefined:undefined":12,"s:202:4:205:Infinity":79,"s:203:6:203:Infinity":80,"s:204:6:204:Infinity":81,"s:209:12:209:Infinity":82,"b:210:2:219:Infinity:undefined:undefined:undefined:undefined":13,"s:210:2:219:Infinity":83,"b:210:6:210:21:210:21:210:44":14,"s:211:15:211:Infinity":84,"s:212:15:212:Infinity":85,"s:213:15:213:Infinity":86,"s:214:18:214:Infinity":87,"b:215:4:218:Infinity:undefined:undefined:undefined:undefined":15,"s:215:4:218:Infinity":88,"s:216:20:216:Infinity":89,"s:217:6:217:Infinity":90,"s:222:19:222:Infinity":91,"s:223:2:223:Infinity":92,"s:223:15:223:18":93,"s:223:36:223:Infinity":94,"s:224:21:224:Infinity":95,"b:224:38:224:61:224:61:224:Infinity":16,"s:226:2:226:Infinity":96,"f:242:9:242:23":4,"b:242:62:242:79":17,"b:242:88:242:113":18,"s:244:31:244:Infinity":97,"b:245:2:245:Infinity:undefined:undefined:undefined:undefined":19,"s:245:2:245:Infinity":98,"s:245:25:245:Infinity":99,"b:246:2:246:Infinity:undefined:undefined:undefined:undefined":20,"s:246:2:246:Infinity":100,"s:246:25:246:Infinity":101,"s:248:16:248:Infinity":102,"s:249:18:249:Infinity":103,"s:251:2:262:Infinity":104,"s:252:18:252:Infinity":105,"s:255:22:255:Infinity":106,"b:255:22:255:42:255:42:255:Infinity":21,"s:256:26:256:Infinity":107,"b:256:47:256:54:256:54:256:Infinity":22,"b:258:4:261:Infinity:undefined:undefined:undefined:undefined":23,"s:258:4:261:Infinity":108,"s:259:6:259:Infinity":109,"s:260:6:260:Infinity":110,"s:264:2:264:Infinity":111,"f:271:9:271:28":5,"b:272:2:272:Infinity:undefined:undefined:undefined:undefined":24,"s:272:2:272:Infinity":112,"s:272:25:272:Infinity":113,"s:274:21:274:Infinity":114,"s:275:20:275:Infinity":115,"s:276:22:276:Infinity":116,"s:279:23:279:Infinity":117,"s:281:2:302:Infinity":118,"s:281:15:281:18":119,"s:282:18:282:Infinity":120,"s:283:16:283:Infinity":121,"s:284:20:284:Infinity":122,"s:286:4:296:Infinity":123,"s:286:17:286:20":124,"s:287:20:287:Infinity":125,"s:288:24:288:Infinity":126,"s:289:19:289:Infinity":127,"s:291:16:291:Infinity":128,"s:292:6:292:Infinity":129,"b:293:6:295:Infinity:undefined:undefined:undefined:undefined":25,"s:293:6:295:Infinity":130,"s:294:8:294:Infinity":131,"s:298:28:298:Infinity":132,"b:298:44:298:64:298:64:298:Infinity":26,"b:299:4:301:Infinity:undefined:undefined:undefined:undefined":27,"s:299:4:301:Infinity":133,"s:300:6:300:Infinity":134,"s:304:2:304:Infinity":135,"f:310:9:310:24":6,"b:311:2:311:Infinity:undefined:undefined:undefined:undefined":28,"s:311:2:311:Infinity":136,"s:311:27:311:Infinity":137,"s:313:21:313:Infinity":138,"s:314:20:314:Infinity":139,"s:315:23:315:Infinity":140,"s:317:19:317:Infinity":141,"s:318:18:318:Infinity":142,"s:320:2:337:Infinity":143,"s:320:15:320:18":144,"s:321:22:321:Infinity":145,"s:322:16:322:Infinity":146,"s:324:4:331:Infinity":147,"s:324:17:324:20":148,"s:325:20:325:Infinity":149,"s:326:24:326:Infinity":150,"s:327:19:327:Infinity":151,"b:328:6:330:Infinity:undefined:undefined:undefined:undefined":29,"s:328:6:330:Infinity":152,"s:329:8:329:Infinity":153,"b:333:4:336:Infinity:undefined:undefined:undefined:undefined":30,"s:333:4:336:Infinity":154,"s:334:6:334:Infinity":155,"s:335:6:335:Infinity":156,"s:339:2:339:Infinity":157,"f:348:9:348:19":7,"b:349:2:349:Infinity:undefined:undefined:undefined:undefined":31,"s:349:2:349:Infinity":158,"s:349:25:349:Infinity":159,"s:351:23:351:Infinity":160,"s:352:15:352:Infinity":161,"s:353:16:353:Infinity":162,"s:354:18:354:Infinity":163,"s:356:2:363:Infinity":164,"s:356:23:356:49":165,"b:357:4:357:Infinity:undefined:undefined:undefined:undefined":32,"s:357:4:357:Infinity":166,"b:357:8:357:39:357:39:357:68":33,"s:357:68:357:Infinity":167,"s:358:18:358:Infinity":168,"b:359:4:362:Infinity:undefined:undefined:undefined:undefined":34,"s:359:4:362:Infinity":169,"s:360:6:360:Infinity":170,"s:361:6:361:Infinity":171,"s:365:2:365:Infinity":172,"f:374:9:374:25":8,"s:375:18:375:Infinity":173,"b:376:2:376:Infinity:undefined:undefined:undefined:undefined":35,"s:376:2:376:Infinity":174,"s:376:37:376:Infinity":175,"s:378:24:378:Infinity":176,"s:379:23:379:Infinity":177,"b:382:2:384:Infinity:undefined:undefined:undefined:undefined":36,"s:382:2:384:Infinity":178,"s:383:4:383:Infinity":179,"s:386:2:386:Infinity":180,"f:396:16:396:26":9,"s:397:17:397:Infinity":181,"b:397:17:397:33:397:33:397:Infinity":37,"s:398:17:398:Infinity":182,"b:398:17:398:33:398:33:398:Infinity":38,"s:399:13:399:Infinity":183,"s:400:25:400:Infinity":184,"s:403:14:403:Infinity":185,"b:405:2:413:Infinity:411:9:413:Infinity":39,"s:405:2:413:Infinity":186,"s:406:16:406:Infinity":187,"s:407:4:407:Infinity":188,"s:408:4:410:Infinity":189,"s:408:17:408:20":190,"s:409:6:409:Infinity":191,"s:412:4:412:Infinity":192,"s:416:17:416:Infinity":193,"s:419:17:419:Infinity":194,"s:422:14:422:Infinity":195,"s:423:12:423:Infinity":196,"s:424:21:424:Infinity":197,"s:427:2:427:Infinity":198,"s:430:2:430:Infinity":199,"s:433:2:433:Infinity":200,"s:436:2:436:Infinity":201,"s:439:26:439:Infinity":202,"s:441:8:441:Infinity":203,"s:442:2:446:Infinity":204,"s:448:2:448:Infinity":205}}}
,"/Users/fab/Documents/git/mixi/src/audio/DropDetector.ts": {"path":"/Users/fab/Documents/git/mixi/src/audio/DropDetector.ts","statementMap":{"0":{"start":{"line":52,"column":12},"end":{"line":52,"column":null}},"1":{"start":{"line":69,"column":2},"end":{"line":69,"column":null}},"2":{"start":{"line":69,"column":45},"end":{"line":69,"column":null}},"3":{"start":{"line":71,"column":13},"end":{"line":71,"column":null}},"4":{"start":{"line":72,"column":21},"end":{"line":72,"column":null}},"5":{"start":{"line":73,"column":25},"end":{"line":73,"column":null}},"6":{"start":{"line":77,"column":17},"end":{"line":77,"column":null}},"7":{"start":{"line":78,"column":2},"end":{"line":80,"column":null}},"8":{"start":{"line":78,"column":15},"end":{"line":78,"column":18}},"9":{"start":{"line":79,"column":4},"end":{"line":79,"column":null}},"10":{"start":{"line":88,"column":21},"end":{"line":88,"column":null}},"11":{"start":{"line":89,"column":21},"end":{"line":89,"column":null}},"12":{"start":{"line":90,"column":19},"end":{"line":90,"column":null}},"13":{"start":{"line":93,"column":19},"end":{"line":93,"column":null}},"14":{"start":{"line":94,"column":16},"end":{"line":94,"column":null}},"15":{"start":{"line":95,"column":2},"end":{"line":95,"column":null}},"16":{"start":{"line":95,"column":15},"end":{"line":95,"column":18}},"17":{"start":{"line":95,"column":35},"end":{"line":95,"column":null}},"18":{"start":{"line":96,"column":18},"end":{"line":96,"column":null}},"19":{"start":{"line":97,"column":16},"end":{"line":97,"column":null}},"20":{"start":{"line":98,"column":2},"end":{"line":98,"column":null}},"21":{"start":{"line":101,"column":2},"end":{"line":118,"column":null}},"22":{"start":{"line":101,"column":15},"end":{"line":101,"column":18}},"23":{"start":{"line":102,"column":19},"end":{"line":102,"column":null}},"24":{"start":{"line":103,"column":17},"end":{"line":103,"column":null}},"25":{"start":{"line":106,"column":4},"end":{"line":108,"column":null}},"26":{"start":{"line":107,"column":6},"end":{"line":107,"column":null}},"27":{"start":{"line":110,"column":4},"end":{"line":112,"column":null}},"28":{"start":{"line":111,"column":6},"end":{"line":111,"column":null}},"29":{"start":{"line":114,"column":18},"end":{"line":114,"column":null}},"30":{"start":{"line":115,"column":4},"end":{"line":115,"column":null}},"31":{"start":{"line":116,"column":4},"end":{"line":116,"column":null}},"32":{"start":{"line":117,"column":4},"end":{"line":117,"column":null}},"33":{"start":{"line":127,"column":21},"end":{"line":127,"column":null}},"34":{"start":{"line":128,"column":2},"end":{"line":130,"column":null}},"35":{"start":{"line":128,"column":15},"end":{"line":128,"column":31}},"36":{"start":{"line":129,"column":4},"end":{"line":129,"column":null}},"37":{"start":{"line":140,"column":17},"end":{"line":140,"column":null}},"38":{"start":{"line":141,"column":19},"end":{"line":141,"column":null}},"39":{"start":{"line":142,"column":17},"end":{"line":142,"column":null}},"40":{"start":{"line":143,"column":2},"end":{"line":149,"column":null}},"41":{"start":{"line":143,"column":15},"end":{"line":143,"column":18}},"42":{"start":{"line":144,"column":4},"end":{"line":148,"column":null}},"43":{"start":{"line":145,"column":6},"end":{"line":145,"column":null}},"44":{"start":{"line":146,"column":6},"end":{"line":146,"column":null}},"45":{"start":{"line":147,"column":6},"end":{"line":147,"column":null}},"46":{"start":{"line":150,"column":20},"end":{"line":150,"column":null}},"47":{"start":{"line":151,"column":19},"end":{"line":151,"column":null}},"48":{"start":{"line":152,"column":19},"end":{"line":152,"column":null}},"49":{"start":{"line":153,"column":20},"end":{"line":153,"column":null}},"50":{"start":{"line":155,"column":35},"end":{"line":155,"column":null}},"51":{"start":{"line":157,"column":2},"end":{"line":192,"column":null}},"52":{"start":{"line":157,"column":15},"end":{"line":157,"column":35}},"53":{"start":{"line":158,"column":4},"end":{"line":158,"column":null}},"54":{"start":{"line":158,"column":36},"end":{"line":158,"column":null}},"55":{"start":{"line":161,"column":16},"end":{"line":161,"column":null}},"56":{"start":{"line":162,"column":4},"end":{"line":167,"column":null}},"57":{"start":{"line":162,"column":17},"end":{"line":162,"column":37}},"58":{"start":{"line":163,"column":6},"end":{"line":166,"column":null}},"59":{"start":{"line":164,"column":8},"end":{"line":164,"column":null}},"60":{"start":{"line":165,"column":8},"end":{"line":165,"column":null}},"61":{"start":{"line":168,"column":4},"end":{"line":168,"column":null}},"62":{"start":{"line":168,"column":16},"end":{"line":168,"column":null}},"63":{"start":{"line":171,"column":20},"end":{"line":171,"column":null}},"64":{"start":{"line":172,"column":10},"end":{"line":172,"column":null}},"65":{"start":{"line":176,"column":10},"end":{"line":176,"column":null}},"66":{"start":{"line":177,"column":4},"end":{"line":177,"column":null}},"67":{"start":{"line":177,"column":47},"end":{"line":177,"column":null}},"68":{"start":{"line":180,"column":24},"end":{"line":180,"column":null}},"69":{"start":{"line":183,"column":21},"end":{"line":185,"column":null}},"70":{"start":{"line":184,"column":13},"end":{"line":184,"column":null}},"71":{"start":{"line":186,"column":4},"end":{"line":186,"column":null}},"72":{"start":{"line":186,"column":18},"end":{"line":186,"column":null}},"73":{"start":{"line":188,"column":4},"end":{"line":191,"column":null}},"74":{"start":{"line":195,"column":22},"end":{"line":195,"column":null}},"75":{"start":{"line":195,"column":50},"end":{"line":195,"column":75}},"76":{"start":{"line":196,"column":2},"end":{"line":198,"column":null}},"77":{"start":{"line":197,"column":4},"end":{"line":197,"column":null}},"78":{"start":{"line":197,"column":32},"end":{"line":197,"column":null}},"79":{"start":{"line":201,"column":2},"end":{"line":201,"column":null}},"80":{"start":{"line":201,"column":28},"end":{"line":201,"column":51}},"81":{"start":{"line":203,"column":8},"end":{"line":203,"column":null}},"82":{"start":{"line":204,"column":2},"end":{"line":208,"column":null}},"83":{"start":{"line":210,"column":2},"end":{"line":210,"column":null}}},"fnMap":{"0":{"name":"detectDrops","decl":{"start":{"line":63,"column":16},"end":{"line":63,"column":null}},"loc":{"start":{"line":68,"column":16},"end":{"line":211,"column":null}},"line":68},"1":{"name":"(anonymous_1)","decl":{"start":{"line":184,"column":6},"end":{"line":184,"column":7}},"loc":{"start":{"line":184,"column":13},"end":{"line":184,"column":null}},"line":184},"2":{"name":"(anonymous_2)","decl":{"start":{"line":195,"column":40},"end":{"line":195,"column":41}},"loc":{"start":{"line":195,"column":50},"end":{"line":195,"column":75}},"line":195},"3":{"name":"(anonymous_3)","decl":{"start":{"line":201,"column":18},"end":{"line":201,"column":19}},"loc":{"start":{"line":201,"column":28},"end":{"line":201,"column":51}},"line":201}},"branchMap":{"0":{"loc":{"start":{"line":69,"column":2},"end":{"line":69,"column":null}},"type":"if","locations":[{"start":{"line":69,"column":2},"end":{"line":69,"column":null}},{"start":{},"end":{}}],"line":69},"1":{"loc":{"start":{"line":69,"column":6},"end":{"line":69,"column":45}},"type":"binary-expr","locations":[{"start":{"line":69,"column":6},"end":{"line":69,"column":18}},{"start":{"line":69,"column":18},"end":{"line":69,"column":45}}],"line":69},"2":{"loc":{"start":{"line":106,"column":4},"end":{"line":108,"column":null}},"type":"if","locations":[{"start":{"line":106,"column":4},"end":{"line":108,"column":null}},{"start":{},"end":{}}],"line":106},"3":{"loc":{"start":{"line":110,"column":4},"end":{"line":112,"column":null}},"type":"if","locations":[{"start":{"line":110,"column":4},"end":{"line":112,"column":null}},{"start":{},"end":{}}],"line":110},"4":{"loc":{"start":{"line":144,"column":4},"end":{"line":148,"column":null}},"type":"if","locations":[{"start":{"line":144,"column":4},"end":{"line":148,"column":null}},{"start":{},"end":{}}],"line":144},"5":{"loc":{"start":{"line":150,"column":20},"end":{"line":150,"column":null}},"type":"cond-expr","locations":[{"start":{"line":150,"column":35},"end":{"line":150,"column":57}},{"start":{"line":150,"column":57},"end":{"line":150,"column":null}}],"line":150},"6":{"loc":{"start":{"line":151,"column":19},"end":{"line":151,"column":null}},"type":"cond-expr","locations":[{"start":{"line":151,"column":34},"end":{"line":151,"column":82}},{"start":{"line":151,"column":82},"end":{"line":151,"column":null}}],"line":151},"7":{"loc":{"start":{"line":158,"column":4},"end":{"line":158,"column":null}},"type":"if","locations":[{"start":{"line":158,"column":4},"end":{"line":158,"column":null}},{"start":{},"end":{}}],"line":158},"8":{"loc":{"start":{"line":163,"column":6},"end":{"line":166,"column":null}},"type":"if","locations":[{"start":{"line":163,"column":6},"end":{"line":166,"column":null}},{"start":{},"end":{}}],"line":163},"9":{"loc":{"start":{"line":163,"column":10},"end":{"line":163,"column":87}},"type":"binary-expr","locations":[{"start":{"line":163,"column":10},"end":{"line":163,"column":21}},{"start":{"line":163,"column":21},"end":{"line":163,"column":31}},{"start":{"line":163,"column":31},"end":{"line":163,"column":56}},{"start":{"line":163,"column":56},"end":{"line":163,"column":87}}],"line":163},"10":{"loc":{"start":{"line":168,"column":4},"end":{"line":168,"column":null}},"type":"if","locations":[{"start":{"line":168,"column":4},"end":{"line":168,"column":null}},{"start":{},"end":{}}],"line":168},"11":{"loc":{"start":{"line":177,"column":4},"end":{"line":177,"column":null}},"type":"if","locations":[{"start":{"line":177,"column":4},"end":{"line":177,"column":null}},{"start":{},"end":{}}],"line":177},"12":{"loc":{"start":{"line":177,"column":8},"end":{"line":177,"column":47}},"type":"binary-expr","locations":[{"start":{"line":177,"column":8},"end":{"line":177,"column":28}},{"start":{"line":177,"column":28},"end":{"line":177,"column":47}}],"line":177},"13":{"loc":{"start":{"line":186,"column":4},"end":{"line":186,"column":null}},"type":"if","locations":[{"start":{"line":186,"column":4},"end":{"line":186,"column":null}},{"start":{},"end":{}}],"line":186},"14":{"loc":{"start":{"line":196,"column":2},"end":{"line":198,"column":null}},"type":"if","locations":[{"start":{"line":196,"column":2},"end":{"line":198,"column":null}},{"start":{},"end":{}}],"line":196},"15":{"loc":{"start":{"line":207,"column":5},"end":{"line":207,"column":null}},"type":"cond-expr","locations":[{"start":{"line":207,"column":29},"end":{"line":207,"column":76}},{"start":{"line":207,"column":76},"end":{"line":207,"column":null}}],"line":207}},"s":{"0":1,"1":0,"2":0,"3":0,"4":0,"5":0,"6":0,"7":0,"8":0,"9":0,"10":0,"11":0,"12":0,"13":0,"14":0,"15":0,"16":0,"17":0,"18":0,"19":0,"20":0,"21":0,"22":0,"23":0,"24":0,"25":0,"26":0,"27":0,"28":0,"29":0,"30":0,"31":0,"32":0,"33":0,"34":0,"35":0,"36":0,"37":0,"38":0,"39":0,"40":0,"41":0,"42":0,"43":0,"44":0,"45":0,"46":0,"47":0,"48":0,"49":0,"50":0,"51":0,"52":0,"53":0,"54":0,"55":0,"56":0,"57":0,"58":0,"59":0,"60":0,"61":0,"62":0,"63":0,"64":0,"65":0,"66":0,"67":0,"68":0,"69":0,"70":0,"71":0,"72":0,"73":0,"74":0,"75":0,"76":0,"77":0,"78":0,"79":0,"80":0,"81":0,"82":0,"83":0},"f":{"0":0,"1":0,"2":0,"3":0},"b":{"0":[0,0],"1":[0,0],"2":[0,0],"3":[0,0],"4":[0,0],"5":[0,0],"6":[0,0],"7":[0,0],"8":[0,0],"9":[0,0,0,0],"10":[0,0],"11":[0,0],"12":[0,0],"13":[0,0],"14":[0,0],"15":[0,0]},"meta":{"lastBranch":16,"lastFunction":4,"lastStatement":84,"seen":{"s:52:12:52:Infinity":0,"f:63:16:63:Infinity":0,"b:69:2:69:Infinity:undefined:undefined:undefined:undefined":0,"s:69:2:69:Infinity":1,"b:69:6:69:18:69:18:69:45":1,"s:69:45:69:Infinity":2,"s:71:13:71:Infinity":3,"s:72:21:72:Infinity":4,"s:73:25:73:Infinity":5,"s:77:17:77:Infinity":6,"s:78:2:80:Infinity":7,"s:78:15:78:18":8,"s:79:4:79:Infinity":9,"s:88:21:88:Infinity":10,"s:89:21:89:Infinity":11,"s:90:19:90:Infinity":12,"s:93:19:93:Infinity":13,"s:94:16:94:Infinity":14,"s:95:2:95:Infinity":15,"s:95:15:95:18":16,"s:95:35:95:Infinity":17,"s:96:18:96:Infinity":18,"s:97:16:97:Infinity":19,"s:98:2:98:Infinity":20,"s:101:2:118:Infinity":21,"s:101:15:101:18":22,"s:102:19:102:Infinity":23,"s:103:17:103:Infinity":24,"b:106:4:108:Infinity:undefined:undefined:undefined:undefined":2,"s:106:4:108:Infinity":25,"s:107:6:107:Infinity":26,"b:110:4:112:Infinity:undefined:undefined:undefined:undefined":3,"s:110:4:112:Infinity":27,"s:111:6:111:Infinity":28,"s:114:18:114:Infinity":29,"s:115:4:115:Infinity":30,"s:116:4:116:Infinity":31,"s:117:4:117:Infinity":32,"s:127:21:127:Infinity":33,"s:128:2:130:Infinity":34,"s:128:15:128:31":35,"s:129:4:129:Infinity":36,"s:140:17:140:Infinity":37,"s:141:19:141:Infinity":38,"s:142:17:142:Infinity":39,"s:143:2:149:Infinity":40,"s:143:15:143:18":41,"b:144:4:148:Infinity:undefined:undefined:undefined:undefined":4,"s:144:4:148:Infinity":42,"s:145:6:145:Infinity":43,"s:146:6:146:Infinity":44,"s:147:6:147:Infinity":45,"s:150:20:150:Infinity":46,"b:150:35:150:57:150:57:150:Infinity":5,"s:151:19:151:Infinity":47,"b:151:34:151:82:151:82:151:Infinity":6,"s:152:19:152:Infinity":48,"s:153:20:153:Infinity":49,"s:155:35:155:Infinity":50,"s:157:2:192:Infinity":51,"s:157:15:157:35":52,"b:158:4:158:Infinity:undefined:undefined:undefined:undefined":7,"s:158:4:158:Infinity":53,"s:158:36:158:Infinity":54,"s:161:16:161:Infinity":55,"s:162:4:167:Infinity":56,"s:162:17:162:37":57,"b:163:6:166:Infinity:undefined:undefined:undefined:undefined":8,"s:163:6:166:Infinity":58,"b:163:10:163:21:163:21:163:31:163:31:163:56:163:56:163:87":9,"s:164:8:164:Infinity":59,"s:165:8:165:Infinity":60,"b:168:4:168:Infinity:undefined:undefined:undefined:undefined":10,"s:168:4:168:Infinity":61,"s:168:16:168:Infinity":62,"s:171:20:171:Infinity":63,"s:172:10:172:Infinity":64,"s:176:10:176:Infinity":65,"b:177:4:177:Infinity:undefined:undefined:undefined:undefined":11,"s:177:4:177:Infinity":66,"b:177:8:177:28:177:28:177:47":12,"s:177:47:177:Infinity":67,"s:180:24:180:Infinity":68,"s:183:21:185:Infinity":69,"f:184:6:184:7":1,"s:184:13:184:Infinity":70,"b:186:4:186:Infinity:undefined:undefined:undefined:undefined":13,"s:186:4:186:Infinity":71,"s:186:18:186:Infinity":72,"s:188:4:191:Infinity":73,"s:195:22:195:Infinity":74,"f:195:40:195:41":2,"s:195:50:195:75":75,"b:196:2:198:Infinity:undefined:undefined:undefined:undefined":14,"s:196:2:198:Infinity":76,"s:197:4:197:Infinity":77,"s:197:32:197:Infinity":78,"s:201:2:201:Infinity":79,"f:201:18:201:19":3,"s:201:28:201:51":80,"s:203:8:203:Infinity":81,"s:204:2:208:Infinity":82,"b:207:29:207:76:207:76:207:Infinity":15,"s:210:2:210:Infinity":83}}}
,"/Users/fab/Documents/git/mixi/src/audio/KeyDetector.ts": {"path":"/Users/fab/Documents/git/mixi/src/audio/KeyDetector.ts","statementMap":{"0":{"start":{"line":66,"column":20},"end":{"line":66,"column":null}},"1":{"start":{"line":72,"column":16},"end":{"line":72,"column":null}},"2":{"start":{"line":75,"column":2},"end":{"line":75,"column":null}},"3":{"start":{"line":98,"column":12},"end":{"line":98,"column":null}},"4":{"start":{"line":99,"column":17},"end":{"line":99,"column":null}},"5":{"start":{"line":100,"column":16},"end":{"line":100,"column":null}},"6":{"start":{"line":102,"column":11},"end":{"line":102,"column":null}},"7":{"start":{"line":103,"column":11},"end":{"line":103,"column":null}},"8":{"start":{"line":105,"column":2},"end":{"line":109,"column":null}},"9":{"start":{"line":105,"column":15},"end":{"line":105,"column":22}},"10":{"start":{"line":106,"column":15},"end":{"line":106,"column":null}},"11":{"start":{"line":107,"column":4},"end":{"line":107,"column":null}},"12":{"start":{"line":108,"column":4},"end":{"line":108,"column":null}},"13":{"start":{"line":111,"column":2},"end":{"line":111,"column":null}},"14":{"start":{"line":121,"column":22},"end":{"line":121,"column":null}},"15":{"start":{"line":124,"column":22},"end":{"line":124,"column":null}},"16":{"start":{"line":131,"column":14},"end":{"line":131,"column":null}},"17":{"start":{"line":132,"column":8},"end":{"line":132,"column":null}},"18":{"start":{"line":133,"column":2},"end":{"line":133,"column":null}},"19":{"start":{"line":138,"column":12},"end":{"line":138,"column":null}},"20":{"start":{"line":139,"column":13},"end":{"line":139,"column":16}},"21":{"start":{"line":139,"column":23},"end":{"line":139,"column":26}},"22":{"start":{"line":139,"column":34},"end":{"line":139,"column":37}},"23":{"start":{"line":139,"column":45},"end":{"line":139,"column":48}},"24":{"start":{"line":139,"column":56},"end":{"line":139,"column":null}},"25":{"start":{"line":140,"column":2},"end":{"line":146,"column":null}},"26":{"start":{"line":140,"column":15},"end":{"line":140,"column":18}},"27":{"start":{"line":141,"column":4},"end":{"line":141,"column":null}},"28":{"start":{"line":142,"column":4},"end":{"line":142,"column":null}},"29":{"start":{"line":143,"column":4},"end":{"line":143,"column":null}},"30":{"start":{"line":144,"column":4},"end":{"line":144,"column":null}},"31":{"start":{"line":145,"column":4},"end":{"line":145,"column":null}},"32":{"start":{"line":147,"column":14},"end":{"line":147,"column":null}},"33":{"start":{"line":148,"column":14},"end":{"line":148,"column":null}},"34":{"start":{"line":149,"column":2},"end":{"line":149,"column":null}},"35":{"start":{"line":159,"column":46},"end":{"line":172,"column":null}},"36":{"start":{"line":174,"column":46},"end":{"line":187,"column":null}},"37":{"start":{"line":198,"column":13},"end":{"line":198,"column":null}},"38":{"start":{"line":199,"column":25},"end":{"line":199,"column":null}},"39":{"start":{"line":202,"column":14},"end":{"line":202,"column":null}},"40":{"start":{"line":204,"column":2},"end":{"line":212,"column":null}},"41":{"start":{"line":205,"column":16},"end":{"line":205,"column":null}},"42":{"start":{"line":206,"column":4},"end":{"line":206,"column":null}},"43":{"start":{"line":207,"column":4},"end":{"line":209,"column":null}},"44":{"start":{"line":207,"column":17},"end":{"line":207,"column":20}},"45":{"start":{"line":208,"column":6},"end":{"line":208,"column":null}},"46":{"start":{"line":211,"column":4},"end":{"line":211,"column":null}},"47":{"start":{"line":215,"column":23},"end":{"line":215,"column":null}},"48":{"start":{"line":216,"column":24},"end":{"line":216,"column":null}},"49":{"start":{"line":217,"column":22},"end":{"line":217,"column":null}},"50":{"start":{"line":218,"column":20},"end":{"line":218,"column":null}},"51":{"start":{"line":225,"column":17},"end":{"line":225,"column":null}},"52":{"start":{"line":226,"column":18},"end":{"line":226,"column":null}},"53":{"start":{"line":228,"column":2},"end":{"line":234,"column":null}},"54":{"start":{"line":228,"column":16},"end":{"line":228,"column":19}},"55":{"start":{"line":229,"column":4},"end":{"line":233,"column":null}},"56":{"start":{"line":229,"column":19},"end":{"line":229,"column":22}},"57":{"start":{"line":230,"column":19},"end":{"line":230,"column":null}},"58":{"start":{"line":231,"column":6},"end":{"line":231,"column":null}},"59":{"start":{"line":231,"column":33},"end":{"line":231,"column":null}},"60":{"start":{"line":232,"column":6},"end":{"line":232,"column":null}},"61":{"start":{"line":237,"column":20},"end":{"line":237,"column":null}},"62":{"start":{"line":238,"column":2},"end":{"line":240,"column":null}},"63":{"start":{"line":239,"column":4},"end":{"line":239,"column":null}},"64":{"start":{"line":239,"column":17},"end":{"line":239,"column":20}},"65":{"start":{"line":239,"column":33},"end":{"line":239,"column":null}},"66":{"start":{"line":243,"column":16},"end":{"line":243,"column":null}},"67":{"start":{"line":244,"column":17},"end":{"line":244,"column":null}},"68":{"start":{"line":245,"column":20},"end":{"line":245,"column":null}},"69":{"start":{"line":247,"column":2},"end":{"line":265,"column":null}},"70":{"start":{"line":247,"column":18},"end":{"line":247,"column":21}},"71":{"start":{"line":249,"column":25},"end":{"line":249,"column":null}},"72":{"start":{"line":250,"column":22},"end":{"line":250,"column":null}},"73":{"start":{"line":251,"column":4},"end":{"line":255,"column":null}},"74":{"start":{"line":252,"column":6},"end":{"line":252,"column":null}},"75":{"start":{"line":253,"column":6},"end":{"line":253,"column":null}},"76":{"start":{"line":254,"column":6},"end":{"line":254,"column":null}},"77":{"start":{"line":258,"column":25},"end":{"line":258,"column":null}},"78":{"start":{"line":259,"column":22},"end":{"line":259,"column":null}},"79":{"start":{"line":260,"column":4},"end":{"line":264,"column":null}},"80":{"start":{"line":261,"column":6},"end":{"line":261,"column":null}},"81":{"start":{"line":262,"column":6},"end":{"line":262,"column":null}},"82":{"start":{"line":263,"column":6},"end":{"line":263,"column":null}},"83":{"start":{"line":267,"column":18},"end":{"line":269,"column":null}},"84":{"start":{"line":271,"column":15},"end":{"line":271,"column":null}},"85":{"start":{"line":272,"column":21},"end":{"line":272,"column":null}},"86":{"start":{"line":274,"column":8},"end":{"line":274,"column":null}},"87":{"start":{"line":275,"column":2},"end":{"line":278,"column":null}},"88":{"start":{"line":280,"column":2},"end":{"line":280,"column":null}},"89":{"start":{"line":292,"column":2},"end":{"line":292,"column":null}},"90":{"start":{"line":292,"column":30},"end":{"line":292,"column":null}},"91":{"start":{"line":294,"column":15},"end":{"line":294,"column":null}},"92":{"start":{"line":295,"column":15},"end":{"line":295,"column":null}},"93":{"start":{"line":296,"column":18},"end":{"line":296,"column":null}},"94":{"start":{"line":297,"column":18},"end":{"line":297,"column":null}},"95":{"start":{"line":299,"column":2},"end":{"line":299,"column":null}},"96":{"start":{"line":299,"column":34},"end":{"line":299,"column":null}},"97":{"start":{"line":302,"column":2},"end":{"line":302,"column":null}},"98":{"start":{"line":302,"column":21},"end":{"line":302,"column":null}},"99":{"start":{"line":305,"column":2},"end":{"line":308,"column":null}},"100":{"start":{"line":306,"column":17},"end":{"line":306,"column":null}},"101":{"start":{"line":307,"column":4},"end":{"line":307,"column":null}},"102":{"start":{"line":310,"column":2},"end":{"line":310,"column":null}}},"fnMap":{"0":{"name":"pitchFreq","decl":{"start":{"line":74,"column":9},"end":{"line":74,"column":19}},"loc":{"start":{"line":74,"column":63},"end":{"line":76,"column":null}},"line":74},"1":{"name":"goertzelEnergy","decl":{"start":{"line":91,"column":9},"end":{"line":91,"column":null}},"loc":{"start":{"line":97,"column":10},"end":{"line":112,"column":null}},"line":97},"2":{"name":"rotate","decl":{"start":{"line":130,"column":9},"end":{"line":130,"column":16}},"loc":{"start":{"line":130,"column":52},"end":{"line":134,"column":null}},"line":130},"3":{"name":"pearsonCorrelation","decl":{"start":{"line":137,"column":9},"end":{"line":137,"column":28}},"loc":{"start":{"line":137,"column":62},"end":{"line":150,"column":null}},"line":137},"4":{"name":"detectKey","decl":{"start":{"line":197,"column":16},"end":{"line":197,"column":26}},"loc":{"start":{"line":197,"column":58},"end":{"line":281,"column":null}},"line":197},"5":{"name":"isHarmonicMatch","decl":{"start":{"line":291,"column":16},"end":{"line":291,"column":32}},"loc":{"start":{"line":291,"column":77},"end":{"line":311,"column":null}},"line":291}},"branchMap":{"0":{"loc":{"start":{"line":149,"column":9},"end":{"line":149,"column":null}},"type":"cond-expr","locations":[{"start":{"line":149,"column":21},"end":{"line":149,"column":25}},{"start":{"line":149,"column":25},"end":{"line":149,"column":null}}],"line":149},"1":{"loc":{"start":{"line":204,"column":2},"end":{"line":212,"column":null}},"type":"if","locations":[{"start":{"line":204,"column":2},"end":{"line":212,"column":null}},{"start":{"line":210,"column":9},"end":{"line":212,"column":null}}],"line":204},"2":{"loc":{"start":{"line":231,"column":6},"end":{"line":231,"column":null}},"type":"if","locations":[{"start":{"line":231,"column":6},"end":{"line":231,"column":null}},{"start":{},"end":{}}],"line":231},"3":{"loc":{"start":{"line":238,"column":2},"end":{"line":240,"column":null}},"type":"if","locations":[{"start":{"line":238,"column":2},"end":{"line":240,"column":null}},{"start":{},"end":{}}],"line":238},"4":{"loc":{"start":{"line":251,"column":4},"end":{"line":255,"column":null}},"type":"if","locations":[{"start":{"line":251,"column":4},"end":{"line":255,"column":null}},{"start":{},"end":{}}],"line":251},"5":{"loc":{"start":{"line":260,"column":4},"end":{"line":264,"column":null}},"type":"if","locations":[{"start":{"line":260,"column":4},"end":{"line":264,"column":null}},{"start":{},"end":{}}],"line":260},"6":{"loc":{"start":{"line":267,"column":18},"end":{"line":269,"column":null}},"type":"cond-expr","locations":[{"start":{"line":268,"column":6},"end":{"line":268,"column":null}},{"start":{"line":269,"column":6},"end":{"line":269,"column":null}}],"line":267},"7":{"loc":{"start":{"line":271,"column":39},"end":{"line":271,"column":null}},"type":"cond-expr","locations":[{"start":{"line":271,"column":53},"end":{"line":271,"column":59}},{"start":{"line":271,"column":59},"end":{"line":271,"column":null}}],"line":271},"8":{"loc":{"start":{"line":292,"column":2},"end":{"line":292,"column":null}},"type":"if","locations":[{"start":{"line":292,"column":2},"end":{"line":292,"column":null}},{"start":{},"end":{}}],"line":292},"9":{"loc":{"start":{"line":292,"column":6},"end":{"line":292,"column":30}},"type":"binary-expr","locations":[{"start":{"line":292,"column":6},"end":{"line":292,"column":19}},{"start":{"line":292,"column":19},"end":{"line":292,"column":30}}],"line":292},"10":{"loc":{"start":{"line":299,"column":2},"end":{"line":299,"column":null}},"type":"if","locations":[{"start":{"line":299,"column":2},"end":{"line":299,"column":null}},{"start":{},"end":{}}],"line":299},"11":{"loc":{"start":{"line":299,"column":6},"end":{"line":299,"column":34}},"type":"binary-expr","locations":[{"start":{"line":299,"column":6},"end":{"line":299,"column":21}},{"start":{"line":299,"column":21},"end":{"line":299,"column":34}}],"line":299},"12":{"loc":{"start":{"line":302,"column":2},"end":{"line":302,"column":null}},"type":"if","locations":[{"start":{"line":302,"column":2},"end":{"line":302,"column":null}},{"start":{},"end":{}}],"line":302},"13":{"loc":{"start":{"line":305,"column":2},"end":{"line":308,"column":null}},"type":"if","locations":[{"start":{"line":305,"column":2},"end":{"line":308,"column":null}},{"start":{},"end":{}}],"line":305},"14":{"loc":{"start":{"line":307,"column":11},"end":{"line":307,"column":null}},"type":"binary-expr","locations":[{"start":{"line":307,"column":11},"end":{"line":307,"column":25}},{"start":{"line":307,"column":25},"end":{"line":307,"column":null}}],"line":307}},"s":{"0":1,"1":1,"2":0,"3":0,"4":0,"5":0,"6":0,"7":0,"8":0,"9":0,"10":0,"11":0,"12":0,"13":0,"14":1,"15":1,"16":0,"17":0,"18":0,"19":0,"20":0,"21":0,"22":0,"23":0,"24":0,"25":0,"26":0,"27":0,"28":0,"29":0,"30":0,"31":0,"32":0,"33":0,"34":0,"35":1,"36":1,"37":0,"38":0,"39":0,"40":0,"41":0,"42":0,"43":0,"44":0,"45":0,"46":0,"47":0,"48":0,"49":0,"50":0,"51":0,"52":0,"53":0,"54":0,"55":0,"56":0,"57":0,"58":0,"59":0,"60":0,"61":0,"62":0,"63":0,"64":0,"65":0,"66":0,"67":0,"68":0,"69":0,"70":0,"71":0,"72":0,"73":0,"74":0,"75":0,"76":0,"77":0,"78":0,"79":0,"80":0,"81":0,"82":0,"83":0,"84":0,"85":0,"86":0,"87":0,"88":0,"89":0,"90":0,"91":0,"92":0,"93":0,"94":0,"95":0,"96":0,"97":0,"98":0,"99":0,"100":0,"101":0,"102":0},"f":{"0":0,"1":0,"2":0,"3":0,"4":0,"5":0},"b":{"0":[0,0],"1":[0,0],"2":[0,0],"3":[0,0],"4":[0,0],"5":[0,0],"6":[0,0],"7":[0,0],"8":[0,0],"9":[0,0],"10":[0,0],"11":[0,0],"12":[0,0],"13":[0,0],"14":[0,0]},"meta":{"lastBranch":15,"lastFunction":6,"lastStatement":103,"seen":{"s:66:20:66:Infinity":0,"s:72:16:72:Infinity":1,"f:74:9:74:19":0,"s:75:2:75:Infinity":2,"f:91:9:91:Infinity":1,"s:98:12:98:Infinity":3,"s:99:17:99:Infinity":4,"s:100:16:100:Infinity":5,"s:102:11:102:Infinity":6,"s:103:11:103:Infinity":7,"s:105:2:109:Infinity":8,"s:105:15:105:22":9,"s:106:15:106:Infinity":10,"s:107:4:107:Infinity":11,"s:108:4:108:Infinity":12,"s:111:2:111:Infinity":13,"s:121:22:121:Infinity":14,"s:124:22:124:Infinity":15,"f:130:9:130:16":2,"s:131:14:131:Infinity":16,"s:132:8:132:Infinity":17,"s:133:2:133:Infinity":18,"f:137:9:137:28":3,"s:138:12:138:Infinity":19,"s:139:13:139:16":20,"s:139:23:139:26":21,"s:139:34:139:37":22,"s:139:45:139:48":23,"s:139:56:139:Infinity":24,"s:140:2:146:Infinity":25,"s:140:15:140:18":26,"s:141:4:141:Infinity":27,"s:142:4:142:Infinity":28,"s:143:4:143:Infinity":29,"s:144:4:144:Infinity":30,"s:145:4:145:Infinity":31,"s:147:14:147:Infinity":32,"s:148:14:148:Infinity":33,"s:149:2:149:Infinity":34,"b:149:21:149:25:149:25:149:Infinity":0,"s:159:46:172:Infinity":35,"s:174:46:187:Infinity":36,"f:197:16:197:26":4,"s:198:13:198:Infinity":37,"s:199:25:199:Infinity":38,"s:202:14:202:Infinity":39,"b:204:2:212:Infinity:210:9:212:Infinity":1,"s:204:2:212:Infinity":40,"s:205:16:205:Infinity":41,"s:206:4:206:Infinity":42,"s:207:4:209:Infinity":43,"s:207:17:207:20":44,"s:208:6:208:Infinity":45,"s:211:4:211:Infinity":46,"s:215:23:215:Infinity":47,"s:216:24:216:Infinity":48,"s:217:22:217:Infinity":49,"s:218:20:218:Infinity":50,"s:225:17:225:Infinity":51,"s:226:18:226:Infinity":52,"s:228:2:234:Infinity":53,"s:228:16:228:19":54,"s:229:4:233:Infinity":55,"s:229:19:229:22":56,"s:230:19:230:Infinity":57,"b:231:6:231:Infinity:undefined:undefined:undefined:undefined":2,"s:231:6:231:Infinity":58,"s:231:33:231:Infinity":59,"s:232:6:232:Infinity":60,"s:237:20:237:Infinity":61,"b:238:2:240:Infinity:undefined:undefined:undefined:undefined":3,"s:238:2:240:Infinity":62,"s:239:4:239:Infinity":63,"s:239:17:239:20":64,"s:239:33:239:Infinity":65,"s:243:16:243:Infinity":66,"s:244:17:244:Infinity":67,"s:245:20:245:Infinity":68,"s:247:2:265:Infinity":69,"s:247:18:247:21":70,"s:249:25:249:Infinity":71,"s:250:22:250:Infinity":72,"b:251:4:255:Infinity:undefined:undefined:undefined:undefined":4,"s:251:4:255:Infinity":73,"s:252:6:252:Infinity":74,"s:253:6:253:Infinity":75,"s:254:6:254:Infinity":76,"s:258:25:258:Infinity":77,"s:259:22:259:Infinity":78,"b:260:4:264:Infinity:undefined:undefined:undefined:undefined":5,"s:260:4:264:Infinity":79,"s:261:6:261:Infinity":80,"s:262:6:262:Infinity":81,"s:263:6:263:Infinity":82,"s:267:18:269:Infinity":83,"b:268:6:268:Infinity:269:6:269:Infinity":6,"s:271:15:271:Infinity":84,"b:271:53:271:59:271:59:271:Infinity":7,"s:272:21:272:Infinity":85,"s:274:8:274:Infinity":86,"s:275:2:278:Infinity":87,"s:280:2:280:Infinity":88,"f:291:16:291:32":5,"b:292:2:292:Infinity:undefined:undefined:undefined:undefined":8,"s:292:2:292:Infinity":89,"b:292:6:292:19:292:19:292:30":9,"s:292:30:292:Infinity":90,"s:294:15:294:Infinity":91,"s:295:15:295:Infinity":92,"s:296:18:296:Infinity":93,"s:297:18:297:Infinity":94,"b:299:2:299:Infinity:undefined:undefined:undefined:undefined":10,"s:299:2:299:Infinity":95,"b:299:6:299:21:299:21:299:34":11,"s:299:34:299:Infinity":96,"b:302:2:302:Infinity:undefined:undefined:undefined:undefined":12,"s:302:2:302:Infinity":97,"s:302:21:302:Infinity":98,"b:305:2:308:Infinity:undefined:undefined:undefined:undefined":13,"s:305:2:308:Infinity":99,"s:306:17:306:Infinity":100,"s:307:4:307:Infinity":101,"b:307:11:307:25:307:25:307:Infinity":14,"s:310:2:310:Infinity":102}}}
,"/Users/fab/Documents/git/mixi/src/audio/MixiEngine.ts": {"path":"/Users/fab/Documents/git/mixi/src/audio/MixiEngine.ts","statementMap":{"0":{"start":{"line":56,"column":2},"end":{"line":62,"column":null}},"1":{"start":{"line":70,"column":47},"end":{"line":70,"column":null}},"2":{"start":{"line":82,"column":24},"end":{"line":82,"column":null}},"3":{"start":{"line":84,"column":45},"end":{"line":84,"column":null}},"4":{"start":{"line":86,"column":67},"end":{"line":86,"column":null}},"5":{"start":{"line":87,"column":62},"end":{"line":87,"column":null}},"6":{"start":{"line":88,"column":49},"end":{"line":88,"column":null}},"7":{"start":{"line":89,"column":44},"end":{"line":89,"column":null}},"8":{"start":{"line":90,"column":50},"end":{"line":90,"column":null}},"9":{"start":{"line":91,"column":45},"end":{"line":91,"column":null}},"10":{"start":{"line":93,"column":45},"end":{"line":93,"column":null}},"11":{"start":{"line":290,"column":33},"end":{"line":290,"column":null}},"12":{"start":{"line":485,"column":53},"end":{"line":485,"column":null}},"13":{"start":{"line":513,"column":57},"end":{"line":513,"column":null}},"14":{"start":{"line":77,"column":4},"end":{"line":77,"column":null}},"15":{"start":{"line":98,"column":4},"end":{"line":100,"column":null}},"16":{"start":{"line":99,"column":6},"end":{"line":99,"column":null}},"17":{"start":{"line":101,"column":4},"end":{"line":101,"column":null}},"18":{"start":{"line":106,"column":4},"end":{"line":108,"column":null}},"19":{"start":{"line":107,"column":6},"end":{"line":107,"column":null}},"20":{"start":{"line":116,"column":4},"end":{"line":121,"column":null}},"21":{"start":{"line":117,"column":6},"end":{"line":119,"column":null}},"22":{"start":{"line":118,"column":8},"end":{"line":118,"column":null}},"23":{"start":{"line":120,"column":6},"end":{"line":120,"column":null}},"24":{"start":{"line":123,"column":4},"end":{"line":123,"column":null}},"25":{"start":{"line":126,"column":4},"end":{"line":129,"column":null}},"26":{"start":{"line":132,"column":4},"end":{"line":132,"column":null}},"27":{"start":{"line":135,"column":4},"end":{"line":135,"column":null}},"28":{"start":{"line":140,"column":4},"end":{"line":140,"column":null}},"29":{"start":{"line":141,"column":4},"end":{"line":141,"column":null}},"30":{"start":{"line":144,"column":4},"end":{"line":144,"column":null}},"31":{"start":{"line":145,"column":4},"end":{"line":145,"column":null}},"32":{"start":{"line":151,"column":4},"end":{"line":151,"column":null}},"33":{"start":{"line":154,"column":4},"end":{"line":157,"column":null}},"34":{"start":{"line":159,"column":4},"end":{"line":159,"column":null}},"35":{"start":{"line":162,"column":4},"end":{"line":162,"column":null}},"36":{"start":{"line":165,"column":15},"end":{"line":165,"column":null}},"37":{"start":{"line":166,"column":4},"end":{"line":166,"column":null}},"38":{"start":{"line":167,"column":4},"end":{"line":169,"column":null}},"39":{"start":{"line":168,"column":6},"end":{"line":168,"column":null}},"40":{"start":{"line":172,"column":4},"end":{"line":176,"column":null}},"41":{"
[...]
:65,"column":null}},"38":{"start":{"line":66,"column":20},"end":{"line":66,"column":null}},"39":{"start":{"line":67,"column":4},"end":{"line":67,"column":null}},"40":{"start":{"line":67,"column":28},"end":{"line":67,"column":null}},"41":{"start":{"line":68,"column":4},"end":{"line":68,"column":null}},"42":{"start":{"line":68,"column":30},"end":{"line":68,"column":null}},"43":{"start":{"line":73,"column":13},"end":{"line":73,"column":null}},"44":{"start":{"line":74,"column":2},"end":{"line":80,"column":null}},"45":{"start":{"line":75,"column":15},"end":{"line":75,"column":null}},"46":{"start":{"line":76,"column":18},"end":{"line":76,"column":null}},"47":{"start":{"line":77,"column":20},"end":{"line":77,"column":null}},"48":{"start":{"line":78,"column":4},"end":{"line":78,"column":null}},"49":{"start":{"line":78,"column":28},"end":{"line":78,"column":null}},"50":{"start":{"line":79,"column":4},"end":{"line":79,"column":null}},"51":{"start":{"line":79,"column":30},"end":{"line":79,"column":null}}},"fnMap":{"0":{"name":"getDB","decl":{"start":{"line":22,"column":9},"end":{"line":22,"column":39}},"loc":{"start":{"line":22,"column":39},"end":{"line":37,"column":null}},"line":22},"1":{"name":"(anonymous_1)","decl":{"start":{"line":24,"column":28},"end":{"line":24,"column":29}},"loc":{"start":{"line":24,"column":49},"end":{"line":34,"column":5}},"line":24},"2":{"name":"(anonymous_2)","decl":{"start":{"line":26,"column":24},"end":{"line":26,"column":30}},"loc":{"start":{"line":26,"column":30},"end":{"line":26,"column":null}},"line":26},"3":{"name":"(anonymous_3)","decl":{"start":{"line":27,"column":26},"end":{"line":27,"column":32}},"loc":{"start":{"line":27,"column":32},"end":{"line":27,"column":null}},"line":27},"4":{"name":"(anonymous_4)","decl":{"start":{"line":28,"column":32},"end":{"line":28,"column":33}},"loc":{"start":{"line":28,"column":43},"end":{"line":33,"column":null}},"line":28},"5":{"name":"saveSample","decl":{"start":{"line":39,"column":22},"end":{"line":39,"column":33}},"loc":{"start":{"line":39,"column":70},"end":{"line":48,"column":null}},"line":39},"6":{"name":"(anonymous_6)","decl":{"start":{"line":41,"column":21},"end":{"line":41,"column":22}},"loc":{"start":{"line":41,"column":42},"end":{"line":47,"column":3}},"line":41},"7":{"name":"(anonymous_7)","decl":{"start":{"line":45,"column":22},"end":{"line":45,"column":28}},"loc":{"start":{"line":45,"column":28},"end":{"line":45,"column":null}},"line":45},"8":{"name":"(anonymous_8)","decl":{"start":{"line":46,"column":24},"end":{"line":46,"column":30}},"loc":{"start":{"line":46,"column":30},"end":{"line":46,"column":null}},"line":46},"9":{"name":"getSample","decl":{"start":{"line":50,"column":22},"end":{"line":50,"column":32}},"loc":{"start":{"line":50,"column":79},"end":{"line":59,"column":null}},"line":50},"10":{"name":"(anonymous_10)","decl":{"start":{"line":52,"column":21},"end":{"line":52,"column":22}},"loc":{"start":{"line":52,"column":42},"end":{"line":58,"column":3}},"line":52},"11":{"name":"(anonymous_11)","decl":{"start":{"line":56,"column":22},"end":{"line":56,"column":28}},"loc":{"start":{"line":56,"column":28},"end":{"line":56,"column":null}},"line":56},"12":{"name":"(anonymous_12)","decl":{"start":{"line":57,"column":24},"end":{"line":57,"column":30}},"loc":{"start":{"line":57,"column":30},"end":{"line":57,"column":null}},"line":57},"13":{"name":"getAllSamples","decl":{"start":{"line":61,"column":22},"end":{"line":61,"column":63}},"loc":{"start":{"line":61,"column":63},"end":{"line":70,"column":null}},"line":61},"14":{"name":"(anonymous_14)","decl":{"start":{"line":63,"column":21},"end":{"line":63,"column":22}},"loc":{"start":{"line":63,"column":42},"end":{"line":69,"column":3}},"line":63},"15":{"name":"(anonymous_15)","decl":{"start":{"line":67,"column":22},"end":{"line":67,"column":28}},"loc":{"start":{"line":67,"column":28},"end":{"line":67,"column":null}},"line":67},"16":{"name":"(anonymous_16)","decl":{"start":{"line":68,"column":24},"end":{"line":68,"column":30}},"loc":{"start":{"line":68,"column":30},"end":{"line":68,"column":null}},"line":68},"17":{"name":"deleteSample","decl":{"start":{"line":72,"column":22},"end":{"line":72,"column":35}},"loc":{"start":{"line":72,"column":62},"end":{"line":81,"column":null}},"line":72},"18":{"name":"(anonymous_18)","decl":{"start":{"line":74,"column":21},"end":{"line":74,"column":22}},"loc":{"start":{"line":74,"column":42},"end":{"line":80,"column":3}},"line":74},"19":{"name":"(anonymous_19)","decl":{"start":{"line":78,"column":22},"end":{"line":78,"column":28}},"loc":{"start":{"line":78,"column":28},"end":{"line":78,"column":null}},"line":78},"20":{"name":"(anonymous_20)","decl":{"start":{"line":79,"column":24},"end":{"line":79,"column":30}},"loc":{"start":{"line":79,"column":30},"end":{"line":79,"column":null}},"line":79}},"branchMap":{"0":{"loc":{"start":{"line":23,"column":2},"end":{"line":35,"column":null}},"type":"if","locations":[{"start":{"line":23,"column":2},"end":{"line":35,"column":null}},{"start":{},"end":{}}],"line":23},"1":{"loc":{"start":{"line":30,"column":8},"end":{"line":32,"column":null}},"type":"if","locations":[{"start":{"line":30,"column":8},"end":{"line":32,"column":null}},{"start":{},"end":{}}],"line":30}},"s":{"0":1,"1":1,"2":1,"3":1,"4":0,"5":0,"6":0,"7":0,"8":0,"9":0,"10":0,"11":0,"12":0,"13":0,"14":0,"15":0,"16":0,"17":0,"18":0,"19":0,"20":0,"21":0,"22":0,"23":0,"24":0,"25":0,"26":0,"27":0,"28":0,"29":0,"30":0,"31":0,"32":0,"33":0,"34":0,"35":0,"36":0,"37":0,"38":0,"39":0,"40":0,"41":0,"42":0,"43":0,"44":0,"45":0,"46":0,"47":0,"48":0,"49":0,"50":0,"51":0},"f":{"0":0,"1":0,"2":0,"3":0,"4":0,"5":0,"6":0,"7":0,"8":0,"9":0,"10":0,"11":0,"12":0,"13":0,"14":0,"15":0,"16":0,"17":0,"18":0,"19":0,"20":0},"b":{"0":[0,0],"1":[0,0]},"meta":{"lastBranch":2,"lastFunction":21,"lastStatement":52,"seen":{"s:16:16:16:Infinity":0,"s:17:19:17:Infinity":1,"s:18:19:18:Infinity":2,"s:20:45:20:Infinity":3,"f:22:9:22:39":0,"b:23:2:35:Infinity:undefined:undefined:undefined:undefined":0,"s:23:2:35:Infinity":4,"s:24:4:34:Infinity":5,"f:24:28:24:29":1,"s:25:22:25:Infinity":6,"s:26:6:26:Infinity":7,"f:26:24:26:30":2,"s:26:30:26:Infinity":8,"s:27:6:27:Infinity":9,"f:27:26:27:32":3,"s:27:32:27:Infinity":10,"s:28:6:33:Infinity":11,"f:28:32:28:33":4,"s:29:20:29:Infinity":12,"b:30:8:32:Infinity:undefined:undefined:undefined:undefined":1,"s:30:8:32:Infinity":13,"s:31:10:31:Infinity":14,"s:36:2:36:Infinity":15,"f:39:22:39:33":5,"s:40:13:40:Infinity":16,"s:41:2:47:Infinity":17,"f:41:21:41:22":6,"s:42:15:42:Infinity":18,"s:43:18:43:Infinity":19,"s:44:20:44:Infinity":20,"s:45:4:45:Infinity":21,"f:45:22:45:28":7,"s:45:28:45:Infinity":22,"s:46:4:46:Infinity":23,"f:46:24:46:30":8,"s:46:30:46:Infinity":24,"f:50:22:50:32":9,"s:51:13:51:Infinity":25,"s:52:2:58:Infinity":26,"f:52:21:52:22":10,"s:53:15:53:Infinity":27,"s:54:18:54:Infinity":28,"s:55:20:55:Infinity":29,"s:56:4:56:Infinity":30,"f:56:22:56:28":11,"s:56:28:56:Infinity":31,"s:57:4:57:Infinity":32,"f:57:24:57:30":12,"s:57:30:57:Infinity":33,"f:61:22:61:63":13,"s:62:13:62:Infinity":34,"s:63:2:69:Infinity":35,"f:63:21:63:22":14,"s:64:15:64:Infinity":36,"s:65:18:65:Infinity":37,"s:66:20:66:Infinity":38,"s:67:4:67:Infinity":39,"f:67:22:67:28":15,"s:67:28:67:Infinity":40,"s:68:4:68:Infinity":41,"f:68:24:68:30":16,"s:68:30:68:Infinity":42,"f:72:22:72:35":17,"s:73:13:73:Infinity":43,"s:74:2:80:Infinity":44,"f:74:21:74:22":18,"s:75:15:75:Infinity":45,"s:76:18:76:Infinity":46,"s:77:20:77:Infinity":47,"s:78:4:78:Infinity":48,"f:78:22:78:28":19,"s:78:28:78:Infinity":49,"s:79:4:79:Infinity":50,"f:79:24:79:30":20,"s:79:30:79:Infinity":51}}}
,"/Users/fab/Documents/git/mixi/src/store/settingsStore.ts": {"path":"/Users/fab/Documents/git/mixi/src/store/settingsStore.ts","statementMap":{"0":{"start":{"line":23,"column":46},"end":{"line":23,"column":null}},"1":{"start":{"line":31,"column":100},"end":{"line":35,"column":null}},"2":{"start":{"line":43,"column":102},"end":{"line":48,"column":null}},"3":{"start":{"line":53,"column":84},"end":{"line":59,"column":null}},"4":{"start":{"line":89,"column":13},"end":{"line":142,"column":null}},"5":{"start":{"line":91,"column":14},"end":{"line":121,"column":null}},"6":{"start":{"line":102,"column":30},"end":{"line":102,"column":null}},"7":{"start":{"line":102,"column":42},"end":{"line":102,"column":80}},"8":{"start":{"line":103,"column":28},"end":{"line":103,"column":null}},"9":{"start":{"line":103,"column":40},"end":{"line":103,"column":74}},"10":{"start":{"line":104,"column":30},"end":{"line":104,"column":null}},"11":{"start":{"line":105,"column":30},"end":{"line":105,"column":null}},"12":{"start":{"line":106,"column":25},"end":{"line":106,"column":null}},"13":{"start":{"line":108,"column":8},"end":{"line":110,"column":null}},"14":{"start":{"line":108,"column":20},"end":{"line":110,"column":10}},"15":{"start":{"line":109,"column":55},"end":{"line":109,"column":71}},"16":{"start":{"line":112,"column":8},"end":{"line":116,"column":null}},"17":{"start":{"line":112,"column":20},"end":{"line":116,"column":10}},"18":{"start":{"line":113,"column":51},"end":{"line":113,"column":62}},"19":{"start":{"line":117,"column":31},"end":{"line":117,"column":null}},"20":{"start":{"line":118,"column":28},"end":{"line":118,"column":null}},"21":{"start":{"line":119,"column":31},"end":{"line":119,"column":null}},"22":{"start":{"line":120,"column":38},"end":{"line":120,"column":null}},"23":{"start":{"line":124,"column":26},"end":{"line":132,"column":null}},"24":{"start":{"line":134,"column":18},"end":{"line":134,"column":null}},"25":{"start":{"line":135,"column":8},"end":{"line":135,"column":null}},"26":{"start":{"line":135,"column":16},"end":{"line":135,"column":null}},"27":{"start":{"line":137,"column":47},"end":{"line":137,"column":null}},"28":{"start":{"line":138,"column":8},"end":{"line":138,"column":null}}},"fnMap":{"0":{"name":"(anonymous_0)","decl":{"start":{"line":91,"column":4},"end":{"line":91,"column":5}},"loc":{"start":{"line":91,"column":14},"end":{"line":121,"column":null}},"line":91},"1":{"name":"(anonymous_1)","decl":{"start":{"line":102,"column":24},"end":{"line":102,"column":30}},"loc":{"start":{"line":102,"column":30},"end":{"line":102,"column":null}},"line":102},"2":{"name":"(anonymous_2)","decl":{"start":{"line":102,"column":34},"end":{"line":102,"column":35}},"loc":{"start":{"line":102,"column":42},"end":{"line":102,"column":80}},"line":102},"3":{"name":"(anonymous_3)","decl":{"start":{"line":103,"column":22},"end":{"line":103,"column":28}},"loc":{"start":{"line":103,"column":28},"end":{"line":103,"column":null}},"line":103},"4":{"name":"(anonymous_4)","decl":{"start":{"line":103,"column":32},"end":{"line":103,"column":33}},"loc":{"start":{"line":103,"column":40},"end":{"line":103,"column":74}},"line":103},"5":{"name":"(anonymous_5)","decl":{"start":{"line":104,"column":23},"end":{"line":104,"column":24}},"loc":{"start":{"line":104,"column":30},"end":{"line":104,"column":null}},"line":104},"6":{"name":"(anonymous_6)","decl":{"start":{"line":105,"column":18},"end":{"line":105,"column":19}},"loc":{"start":{"line":105,"column":30},"end":{"line":105,"column":null}},"line":105},"7":{"name":"(anonymous_7)","decl":{"start":{"line":106,"column":15},"end":{"line":106,"column":16}},"loc":{"start":{"line":106,"column":25},"end":{"line":106,"column":null}},"line":106},"8":{"name":"(anonymous_8)","decl":{"start":{"line":107,"column":21},"end":{"line":107,"column":22}},"loc":{"start":{"line":108,"column":8},"end":{"line":110,"column":null}},"line":108},"9":{"name":"(anonymous_9)","decl":{"start":{"line":108,"column":12},"end":{"line":108,"column":13}},"loc":{"start":{"line":108,"column":20},"end":{"line":110,"column":10}},"line":108},"10":{"name":"(anonymous_10)","decl":{"start":{"line":109,"column":48},"end":{"line":109,"column":49}},"loc":{"start":{"line":109,"column":55},"end":{"line":109,"column":71}},"line":109},"11":{"name":"(anonymous_11)","decl":{"start":{"line":111,"column":24},"end":{"line":111,"column":25}},"loc":{"start":{"line":112,"column":8},"end":{"line":116,"column":null}},"line":112},"12":{"name":"(anonymous_12)","decl":{"start":{"line":112,"column":12},"end":{"line":112,"column":13}},"loc":{"start":{"line":112,"column":20},"end":{"line":116,"column":10}},"line":112},"13":{"name":"(anonymous_13)","decl":{"start":{"line":113,"column":44},"end":{"line":113,"column":45}},"loc":{"start":{"line":113,"column":51},"end":{"line":113,"column":62}},"line":113},"14":{"name":"(anonymous_14)","decl":{"start":{"line":117,"column":24},"end":{"line":117,"column":25}},"loc":{"start":{"line":117,"column":31},"end":{"line":117,"column":null}},"line":117},"15":{"name":"(anonymous_15)","decl":{"start":{"line":118,"column":19},"end":{"line":118,"column":20}},"loc":{"start":{"line":118,"column":28},"end":{"line":118,"column":null}},"line":118},"16":{"name":"(anonymous_16)","decl":{"start":{"line":119,"column":19},"end":{"line":119,"column":20}},"loc":{"start":{"line":119,"column":31},"end":{"line":119,"column":null}},"line":119},"17":{"name":"(anonymous_17)","decl":{"start":{"line":120,"column":29},"end":{"line":120,"column":30}},"loc":{"start":{"line":120,"column":38},"end":{"line":120,"column":null}},"line":120},"18":{"name":"(anonymous_18)","decl":{"start":{"line":124,"column":18},"end":{"line":124,"column":19}},"loc":{"start":{"line":124,"column":26},"end":{"line":132,"column":null}},"line":124},"19":{"name":"(anonymous_19)","decl":{"start":{"line":133,"column":13},"end":{"line":133,"column":14}},"loc":{"start":{"line":133,"column":37},"end":{"line":139,"column":null}},"line":133}},"branchMap":{"0":{"loc":{"start":{"line":115,"column":14},"end":{"line":115,"column":null}},"type":"cond-expr","locations":[{"start":{"line":115,"column":30},"end":{"line":115,"column":53}},{"start":{"line":115,"column":53},"end":{"line":115,"column":null}}],"line":115},"1":{"loc":{"start":{"line":135,"column":8},"end":{"line":135,"column":null}},"type":"if","locations":[{"start":{"line":135,"column":8},"end":{"line":135,"column":null}},{"start":{},"end":{}}],"line":135}},"s":{"0":2,"1":2,"2":2,"3":2,"4":2,"5":2,"6":2,"7":2,"8":0,"9":0,"10":0,"11":2,"12":1,"13":0,"14":0,"15":0,"16":0,"17":0,"18":0,"19":1,"20":1,"21":2,"22":1,"23":18,"24":2,"25":2,"26":2,"27":0,"28":0},"f":{"0":2,"1":2,"2":2,"3":0,"4":0,"5":0,"6":2,"7":1,"8":0,"9":0,"10":0,"11":0,"12":0,"13":0,"14":1,"15":1,"16":2,"17":1,"18":18,"19":2},"b":{"0":[0,0],"1":[2,0]},"meta":{"lastBranch":2,"lastFunction":20,"lastStatement":29,"seen":{"s:23:46:23:Infinity":0,"s:31:100:35:Infinity":1,"s:43:102:48:Infinity":2,"s:53:84:59:Infinity":3,"s:89:13:142:Infinity":4,"f:91:4:91:5":0,"s:91:14:121:Infinity":5,"f:102:24:102:30":1,"s:102:30:102:Infinity":6,"f:102:34:102:35":2,"s:102:42:102:80":7,"f:103:22:103:28":3,"s:103:28:103:Infinity":8,"f:103:32:103:33":4,"s:103:40:103:74":9,"f:104:23:104:24":5,"s:104:30:104:Infinity":10,"f:105:18:105:19":6,"s:105:30:105:Infinity":11,"f:106:15:106:16":7,"s:106:25:106:Infinity":12,"f:107:21:107:22":8,"s:108:8:110:Infinity":13,"f:108:12:108:13":9,"s:108:20:110:10":14,"f:109:48:109:49":10,"s:109:55:109:71":15,"f:111:24:111:25":11,"s:112:8:116:Infinity":16,"f:112:12:112:13":12,"s:112:20:116:10":17,"f:113:44:113:45":13,"s:113:51:113:62":18,"b:115:30:115:53:115:53:115:Infinity":0,"f:117:24:117:25":14,"s:117:31:117:Infinity":19,"f:118:19:118:20":15,"s:118:28:118:Infinity":20,"f:119:19:119:20":16,"s:119:31:119:Infinity":21,"f:120:29:120:30":17,"s:120:38:120:Infinity":22,"f:124:18:124:19":18,"s:124:26:132:Infinity":23,"f:133:13:133:14":19,"s:134:18:134:Infinity":24,"b:135:8:135:Infinity:undefined:undefined:undefined:undefined":1,"s:135:8:135:Infinity":25,"s:135:16:135:Infinity":26,"s:137:47:137:Infinity":27,"s:138:8:138:Infinity":28}}}
,"/Users/fab/Documents/git/mixi/src/types/audio.ts": {"path":"/Users/fab/Documents/git/mixi/src/types/audio.ts","statementMap":{"0":{"start":{"line":60,"column":29},"end":{"line":60,"column":null}}},"fnMap":{},"branchMap":{},"s":{"0":1},"f":{},"b":{},"meta":{"lastBranch":0,"lastFunction":0,"lastStatement":1,"seen":{"s:60:29:60:Infinity":0}}}
,"/Users/fab/Documents/git/mixi/src/types/index.ts": {"path":"/Users/fab/Documents/git/mixi/src/types/index.ts","statementMap":{},"fnMap":{},"branchMap":{},"s":{},"f":{},"b":{},"meta":{"lastBranch":0,"lastFunction":0,"lastStatement":0,"seen":{}}}
,"/Users/fab/Documents/git/mixi/src/utils/logger.ts": {"path":"/Users/fab/Documents/git/mixi/src/utils/logger.ts","statementMap":{"0":{"start":{"line":34,"column":13},"end":{"line":34,"column":null}},"1":{"start":{"line":36,"column":15},"end":{"line":42,"column":null}},"2":{"start":{"line":44,"column":20},"end":{"line":44,"column":null}},"3":{"start":{"line":45,"column":14},"end":{"line":45,"column":null}},"4":{"start":{"line":58,"column":4},"end":{"line":60,"column":null}},"5":{"start":{"line":63,"column":2},"end":{"line":69,"column":null}},"6":{"start":{"line":74,"column":19},"end":{"line":115,"column":null}},"7":{"start":{"line":81,"column":4},"end":{"line":81,"column":null}},"8":{"start":{"line":81,"column":29},"end":{"line":81,"column":null}},"9":{"start":{"line":89,"column":4},"end":{"line":89,"column":null}},"10":{"start":{"line":97,"column":4},"end":{"line":97,"column":null}},"11":{"start":{"line":105,"column":4},"end":{"line":105,"column":null}},"12":{"start":{"line":113,"column":4},"end":{"line":113,"column":null}}},"fnMap":{"0":{"name":"emit","decl":{"start":{"line":51,"column":9},"end":{"line":51,"column":null}},"loc":{"start":{"line":56,"column":8},"end":{"line":70,"column":null}},"line":56},"1":{"name":"(anonymous_1)","decl":{"start":{"line":80,"column":2},"end":{"line":80,"column":8}},"loc":{"start":{"line":80,"column":64},"end":{"line":82,"column":null}},"line":80},"2":{"name":"(anonymous_2)","decl":{"start":{"line":88,"column":2},"end":{"line":88,"column":7}},"loc":{"start":{"line":88,"column":63},"end":{"line":90,"column":null}},"line":88},"3":{"name":"(anonymous_3)","decl":{"start":{"line":96,"column":2},"end":{"line":96,"column":10}},"loc":{"start":{"line":96,"column":66},"end":{"line":98,"column":null}},"line":96},"4":{"name":"(anonymous_4)","decl":{"start":{"line":104,"column":2},"end":{"line":104,"column":7}},"loc":{"start":{"line":104,"column":63},"end":{"line":106,"column":null}},"line":104},"5":{"name":"(anonymous_5)","decl":{"start":{"line":112,"column":2},"end":{"line":112,"column":8}},"loc":{"start":{"line":112,"column":64},"end":{"line":114,"column":null}},"line":112}},"branchMap":{"0":{"loc":{"start":{"line":58,"column":4},"end":{"line":60,"column":null}},"type":"cond-expr","locations":[{"start":{"line":58,"column":24},"end":{"line":58,"column":null}},{"start":{"line":59,"column":4},"end":{"line":60,"column":null}}],"line":58},"1":{"loc":{"start":{"line":59,"column":4},"end":{"line":60,"column":null}},"type":"cond-expr","locations":[{"start":{"line":59,"column":24},"end":{"line":59,"column":null}},{"start":{"line":60,"column":4},"end":{"line":60,"column":null}}],"line":59},"2":{"loc":{"start":{"line":81,"column":4},"end":{"line":81,"column":null}},"type":"if","locations":[{"start":{"line":81,"column":4},"end":{"line":81,"column":null}},{"start":{},"end":{}}],"line":81}},"s":{"0":2,"1":2,"2":2,"3":2,"4":6,"5":6,"6":2,"7":1,"8":1,"9":2,"10":1,"11":1,"12":1},"f":{"0":6,"1":1,"2":2,"3":1,"4":1,"5":1},"b":{"0":[1,5],"1":[1,4],"2":[1,0]},"meta":{"lastBranch":3,"lastFunction":6,"lastStatement":13,"seen":{"s:34:13:34:Infinity":0,"s:36:15:42:Infinity":1,"s:44:20:44:Infinity":2,"s:45:14:45:Infinity":3,"f:51:9:51:Infinity":0,"s:58:4:60:Infinity":4,"b:58:24:58:Infinity:59:4:60:Infinity":0,"b:59:24:59:Infinity:60:4:60:Infinity":1,"s:63:2:69:Infinity":5,"s:74:19:115:Infinity":6,"f:80:2:80:8":1,"b:81:4:81:Infinity:undefined:undefined:undefined:undefined":2,"s:81:4:81:Infinity":7,"s:81:29:81:Infinity":8,"f:88:2:88:7":2,"s:89:4:89:Infinity":9,"f:96:2:96:10":3,"s:97:4:97:Infinity":10,"f:104:2:104:7":4,"s:105:4:105:Infinity":11,"f:112:2:112:8":5,"s:113:4:113:Infinity":12}}}
}
